--------------- Build Started: 02/23/2020 22:36:50 Project: Dispensador, Configuration: ARM GCC 5.4-2016-q2-update Release ---------------
cydsfit.exe -.appdatapath "C:\Users\Macbook\AppData\Local\Cypress Semiconductor\PSoC Creator\4.2" -.fdsnotice -.fdswarpdepfile=warp_dependencies.txt -.fdselabdepfile=elab_dependencies.txt -.fdsbldfile=generated_files.txt -.fdsreffile=referenced_files.txt -p C:\Users\Macbook\Workspace.psoc\EkiaDoroti\Dispensador.cydsn\Dispensador.cyprj -d CY8C5287AXI-LP095 -s C:\Users\Macbook\Workspace.psoc\EkiaDoroti\Dispensador.cydsn\Generated_Source\PSoC5 -- -yv2 -q10 -yga -o2 -v3 -.fftcfgtype=LE
Elaborating Design...
ADD: sdb.M0065: information: Analog terminal "vdac_ref" on ADC_SAR_SEQ_v2_10 is unconnected.
 * C:\Program Files (x86)\Cypress\PSoC Creator\4.2\PSoC Creator\psoc\content\CyComponentLibrary\CyComponentLibrary.cylib\ADC_SAR_SEQ_v2_10\PSoC5\ADC_SAR_SEQ_v2_10.cysch (Signal: vdac_ref)
 * C:\Program Files (x86)\Cypress\PSoC Creator\4.2\PSoC Creator\psoc\content\CyComponentLibrary\CyComponentLibrary.cylib\ADC_SAR_SEQ_v2_10\PSoC5\ADC_SAR_SEQ_v2_10.cysch (Shape_798)
 * C:\Program Files (x86)\Cypress\PSoC Creator\4.2\PSoC Creator\psoc\content\CyComponentLibrary\CyComponentLibrary.cylib\ADC_SAR_SEQ_v2_10\PSoC5\ADC_SAR_SEQ_v2_10.cysch (Shape_885)
HDL Generation...
Synthesis...
Tech Mapping...
ADD: pft.M0040: information: The following 1 pin(s) will be assigned a location by the fitter: Sensor_Canasta2(0)
Info: plm.M0038: The pin named BloqueoFila(3) at location P12[4] prevents usage of special purposes: I2C:SCL. (App=cydsfit)
Info: plm.M0038: The pin named bandeja(1) at location P12[0] prevents usage of special purposes: I2C:SCL. (App=cydsfit)
Analog Placement...
Info: apr.M0002: Analog signal "Net_2297" is connected to one terminal only. (App=cydsfit)
Info: apr.M0002: Analog signal "Net_2480" is connected to one terminal only. (App=cydsfit)
Info: apr.M0002: Analog signal "Net_2481" is connected to one terminal only. (App=cydsfit)
Info: apr.M0002: Analog signal "Net_2300" is connected to one terminal only. (App=cydsfit)
Info: apr.M0002: Analog signal "Net_2301" is connected to one terminal only. (App=cydsfit)
Info: apr.M0002: Analog signal "Net_2303" is connected to one terminal only. (App=cydsfit)
Info: apr.M0002: Analog signal "Net_2305" is connected to one terminal only. (App=cydsfit)
Info: apr.M0002: Analog signal "Net_2306" is connected to one terminal only. (App=cydsfit)
Info: apr.M0002: Analog signal "Net_2308" is connected to one terminal only. (App=cydsfit)
Info: apr.M0002: Analog signal "Net_2310" is connected to one terminal only. (App=cydsfit)
Info: apr.M0002: Analog signal "Net_2311" is connected to one terminal only. (App=cydsfit)
Info: apr.M0002: Analog signal "Net_2313" is connected to one terminal only. (App=cydsfit)
Info: apr.M0002: Analog signal "Net_2315" is connected to one terminal only. (App=cydsfit)
Info: apr.M0002: Analog signal "Net_2316" is connected to one terminal only. (App=cydsfit)
Info: apr.M0002: Analog signal "Net_2318" is connected to one terminal only. (App=cydsfit)
Info: apr.M0002: Analog signal "Net_2320" is connected to one terminal only. (App=cydsfit)
Info: apr.M0002: Analog signal "Net_2321" is connected to one terminal only. (App=cydsfit)
Info: apr.M0002: Analog signal "Net_2323" is connected to one terminal only. (App=cydsfit)
Info: apr.M0002: Analog signal "Net_2325" is connected to one terminal only. (App=cydsfit)
Info: apr.M0002: Analog signal "Net_2326" is connected to one terminal only. (App=cydsfit)
Info: apr.M0002: Analog signal "Net_2328" is connected to one terminal only. (App=cydsfit)
Info: apr.M0002: Analog signal "Net_2330" is connected to one terminal only. (App=cydsfit)
Info: apr.M0002: Analog signal "Net_2331" is connected to one terminal only. (App=cydsfit)
Info: apr.M0002: Analog signal "Net_2333" is connected to one terminal only. (App=cydsfit)
Info: apr.M0002: Analog signal "Net_2335" is connected to one terminal only. (App=cydsfit)
Info: apr.M0002: Analog signal "Net_2336" is connected to one terminal only. (App=cydsfit)
Info: apr.M0002: Analog signal "Net_2338" is connected to one terminal only. (App=cydsfit)
Info: apr.M0002: Analog signal "Net_2340" is connected to one terminal only. (App=cydsfit)
Info: apr.M0002: Analog signal "Net_2341" is connected to one terminal only. (App=cydsfit)
Info: apr.M0002: Analog signal "Net_2343" is connected to one terminal only. (App=cydsfit)
Info: apr.M0002: Analog signal "Net_2345" is connected to one terminal only. (App=cydsfit)
Info: apr.M0002: Analog signal "Net_2346" is connected to one terminal only. (App=cydsfit)
Info: apr.M0002: Analog signal "Net_2348" is connected to one terminal only. (App=cydsfit)
Info: apr.M0002: Analog signal "Net_2350" is connected to one terminal only. (App=cydsfit)
Info: apr.M0002: Analog signal "Net_2351" is connected to one terminal only. (App=cydsfit)
Info: apr.M0002: Analog signal "Net_2353" is connected to one terminal only. (App=cydsfit)
Info: apr.M0002: Analog signal "Net_2355" is connected to one terminal only. (App=cydsfit)
Info: apr.M0002: Analog signal "Net_2356" is connected to one terminal only. (App=cydsfit)
Info: apr.M0002: Analog signal "Net_2358" is connected to one terminal only. (App=cydsfit)
Info: apr.M0002: Analog signal "Net_2360" is connected to one terminal only. (App=cydsfit)
Info: apr.M0002: Analog signal "Net_2361" is connected to one terminal only. (App=cydsfit)
Info: apr.M0002: Analog signal "Net_2363" is connected to one terminal only. (App=cydsfit)
Info: apr.M0002: Analog signal "Net_2365" is connected to one terminal only. (App=cydsfit)
Info: apr.M0002: Analog signal "Net_2366" is connected to one terminal only. (App=cydsfit)
Info: apr.M0002: Analog signal "Net_2368" is connected to one terminal only. (App=cydsfit)
Info: apr.M0002: Analog signal "Net_2370" is connected to one terminal only. (App=cydsfit)
Info: apr.M0002: Analog signal "Net_2371" is connected to one terminal only. (App=cydsfit)
Info: apr.M0002: Analog signal "Net_2372" is connected to one terminal only. (App=cydsfit)
Info: apr.M0002: Analog signal "Net_2373" is connected to one terminal only. (App=cydsfit)
Info: apr.M0002: Analog signal "Net_2374" is connected to one terminal only. (App=cydsfit)
Info: apr.M0002: Analog signal "Net_2375" is connected to one terminal only. (App=cydsfit)
Info: apr.M0002: Analog signal "Net_2376" is connected to one terminal only. (App=cydsfit)
Info: apr.M0002: Analog signal "Net_2377" is connected to one terminal only. (App=cydsfit)
Info: apr.M0002: Analog signal "Net_2378" is connected to one terminal only. (App=cydsfit)
Info: apr.M0002: Analog signal "Net_2379" is connected to one terminal only. (App=cydsfit)
Info: apr.M0002: Analog signal "Net_2380" is connected to one terminal only. (App=cydsfit)
Info: apr.M0002: Analog signal "Net_2381" is connected to one terminal only. (App=cydsfit)
Info: apr.M0002: Analog signal "Net_2382" is connected to one terminal only. (App=cydsfit)
Info: apr.M0002: Analog signal "Net_2383" is connected to one terminal only. (App=cydsfit)
Info: apr.M0002: Analog signal "Net_2384" is connected to one terminal only. (App=cydsfit)
Info: apr.M0002: Analog signal "Net_2385" is connected to one terminal only. (App=cydsfit)
Info: apr.M0002: Analog signal "Net_2386" is connected to one terminal only. (App=cydsfit)
Analog Routing...
Analog Code Generation...
Digital Placement...
Warning: sta.M0019: Dispensador.rpt: Warning-1361: The design contains a combinational loop. Check the design for unintentional latches. Breaking the loop at Net_2631/main_0 --> Net_2631/q  (File=C:\Users\Macbook\Workspace.psoc\EkiaDoroti\Dispensador.cydsn\Dispensador.rpt)
Digital Routing...
Bitstream Generation...
Bitstream Verification...
Static timing analysis...
Warning: sta.M0019: Dispensador.rpt: Warning-1361: The design contains a combinational loop. Check the design for unintentional latches. Breaking the loop at Net_2631/main_0 --> Net_2631/q  (File=C:\Users\Macbook\Workspace.psoc\EkiaDoroti\Dispensador.cydsn\Dispensador.rpt)
Warning: sta.M0021: Dispensador_timing.html: Warning-1350: Asynchronous path(s) exist from "ClockBlock/dclk_glb_ff_1" to "contadorBit". See the timing report for details. (File=C:\Users\Macbook\Workspace.psoc\EkiaDoroti\Dispensador.cydsn\Dispensador_timing.html)
Warning: sta.M0021: Dispensador_timing.html: Warning-1350: Asynchronous path(s) exist from "ClockBlock/dclk_glb_ff_1" to "CyBUS_CLK". See the timing report for details. (File=C:\Users\Macbook\Workspace.psoc\EkiaDoroti\Dispensador.cydsn\Dispensador_timing.html)
Warning: sta.M0019: Dispensador_timing.html: Warning-1366: Setup time violation found in a path from clock ( CyBUS_CLK ) to clock ( CyBUS_CLK ). (File=C:\Users\Macbook\Workspace.psoc\EkiaDoroti\Dispensador.cydsn\Dispensador_timing.html)
Warning: sta.M0019: Dispensador_timing.html: Warning-1366: Setup time violation found in a path from clock ( contadorBit ) to clock ( CyBUS_CLK ). (File=C:\Users\Macbook\Workspace.psoc\EkiaDoroti\Dispensador.cydsn\Dispensador_timing.html)
Warning: sta.M0019: Dispensador_timing.html: Warning-1366: Setup time violation found in a path from clock ( Reloj_Gen ) to clock ( CyBUS_CLK ). (File=C:\Users\Macbook\Workspace.psoc\EkiaDoroti\Dispensador.cydsn\Dispensador_timing.html)
Warning: sta.M0019: Dispensador_timing.html: Warning-1366: Setup time violation found in a path from clock ( Reloj_Gen ) to clock ( contadorBit ). (File=C:\Users\Macbook\Workspace.psoc\EkiaDoroti\Dispensador.cydsn\Dispensador_timing.html)
Warning: sta.M0019: Dispensador_timing.html: Warning-1366: Setup time violation found in a path from clock ( Clock_2 ) to clock ( CyBUS_CLK ). (File=C:\Users\Macbook\Workspace.psoc\EkiaDoroti\Dispensador.cydsn\Dispensador_timing.html)
Warning: sta.M0019: Dispensador_timing.html: Warning-1366: Setup time violation found in a path from clock ( Clock_2 ) to clock ( contadorBit ). (File=C:\Users\Macbook\Workspace.psoc\EkiaDoroti\Dispensador.cydsn\Dispensador_timing.html)
API Generation...
Dependency Generation...
Cleanup...
arm-none-eabi-gcc.exe -mcpu=cortex-m3 -mthumb -I..\FreeRTOS\Source\include -I..\FreeRTOS\Source\portable\GCC-CM3 -I. -IGenerated_Source\PSoC5 -Wa,-alh=.\CortexM3\ARM_GCC_541\Release/colas.lst -g -D NDEBUG -D CY_CORE_ID=0 -Wall -ffunction-sections -ffat-lto-objects -Os -c colas.c -o .\CortexM3\ARM_GCC_541\Release\colas.o
arm-none-eabi-gcc.exe -mcpu=cortex-m3 -mthumb -I..\FreeRTOS\Source\include -I..\FreeRTOS\Source\portable\GCC-CM3 -I. -IGenerated_Source\PSoC5 -Wa,-alh=.\CortexM3\ARM_GCC_541\Release/semaforos.lst -g -D NDEBUG -D CY_CORE_ID=0 -Wall -ffunction-sections -ffat-lto-objects -Os -c semaforos.c -o .\CortexM3\ARM_GCC_541\Release\semaforos.o
arm-none-eabi-gcc.exe -mcpu=cortex-m3 -mthumb -I..\FreeRTOS\Source\include -I..\FreeRTOS\Source\portable\GCC-CM3 -I. -IGenerated_Source\PSoC5 -Wa,-alh=.\CortexM3\ARM_GCC_541\Release/I2C.lst -g -D NDEBUG -D CY_CORE_ID=0 -Wall -ffunction-sections -ffat-lto-objects -Os -c I2C.c -o .\CortexM3\ARM_GCC_541\Release\I2C.o
arm-none-eabi-gcc.exe -mcpu=cortex-m3 -mthumb -I..\FreeRTOS\Source\include -I..\FreeRTOS\Source\portable\GCC-CM3 -I. -IGenerated_Source\PSoC5 -Wa,-alh=.\CortexM3\ARM_GCC_541\Release/monitor.lst -g -D NDEBUG -D CY_CORE_ID=0 -Wall -ffunction-sections -ffat-lto-objects -Os -c monitor.c -o .\CortexM3\ARM_GCC_541\Release\monitor.o
arm-none-eabi-gcc.exe -mcpu=cortex-m3 -mthumb -I..\FreeRTOS\Source\include -I..\FreeRTOS\Source\portable\GCC-CM3 -I. -IGenerated_Source\PSoC5 -Wa,-alh=.\CortexM3\ARM_GCC_541\Release/medidas.lst -g -D NDEBUG -D CY_CORE_ID=0 -Wall -ffunction-sections -ffat-lto-objects -Os -c medidas.c -o .\CortexM3\ARM_GCC_541\Release\medidas.o
arm-none-eabi-gcc.exe -mcpu=cortex-m3 -mthumb -I..\FreeRTOS\Source\include -I..\FreeRTOS\Source\portable\GCC-CM3 -I. -IGenerated_Source\PSoC5 -Wa,-alh=.\CortexM3\ARM_GCC_541\Release/controles.lst -g -D NDEBUG -D CY_CORE_ID=0 -Wall -ffunction-sections -ffat-lto-objects -Os -c controles.c -o .\CortexM3\ARM_GCC_541\Release\controles.o
arm-none-eabi-gcc.exe -mcpu=cortex-m3 -mthumb -I..\FreeRTOS\Source\include -I..\FreeRTOS\Source\portable\GCC-CM3 -I. -IGenerated_Source\PSoC5 -Wa,-alh=.\CortexM3\ARM_GCC_541\Release/hx711.lst -g -D NDEBUG -D CY_CORE_ID=0 -Wall -ffunction-sections -ffat-lto-objects -Os -c hx711.c -o .\CortexM3\ARM_GCC_541\Release\hx711.o
hx711.c: In function 'sleep_Hx711':
hx711.c:133:11: warning: unused variable 'medida' [-Wunused-variable]
     float medida = 0;
           ^
arm-none-eabi-gcc.exe -mcpu=cortex-m3 -mthumb -I..\FreeRTOS\Source\include -I..\FreeRTOS\Source\portable\GCC-CM3 -I. -IGenerated_Source\PSoC5 -Wa,-alh=.\CortexM3\ARM_GCC_541\Release/puertoUSB.lst -g -D NDEBUG -D CY_CORE_ID=0 -Wall -ffunction-sections -ffat-lto-objects -Os -c puertoUSB.c -o .\CortexM3\ARM_GCC_541\Release\puertoUSB.o
puertoUSB.c: In function 'depuracionUSB':
arm-none-eabi-gcc.exe -mcpu=cortex-m3 -mthumb -I..\FreeRTOS\Source\include -I..\FreeRTOS\Source\portable\GCC-CM3 -I. -IGenerated_Source\PSoC5 -Wa,-alh=.\CortexM3\ARM_GCC_541\Release/main.lst -g -D NDEBUG -D CY_CORE_ID=0 -Wall -ffunction-sections -ffat-lto-objects -Os -c main.c -o .\CortexM3\ARM_GCC_541\Release\main.o
puertoUSB.c:72:25: warning: unused variable 'bufEntrada2' [-Wunused-variable]
     xcadenas bufEntrada,bufEntrada2;
                         ^
puertoUSB.c:72:14: warning: unused variable 'bufEntrada' [-Wunused-variable]
     xcadenas bufEntrada,bufEntrada2;
              ^
puertoUSB.c: In function 'USB_verificarComando':
puertoUSB.c:128:11: warning: unused variable 'puntero' [-Wunused-variable]
     char* puntero = 0;
           ^
puertoUSB.c:126:9: warning: unused variable 'numBytes' [-Wunused-variable]
     int numBytes = 0;
         ^
puertoUSB.c: In function 'transmision_USB':
puertoUSB.c:173:11: warning: unused variable 'memoriaSD' [-Wunused-variable]
     uint8 memoriaSD = pdFALSE;
           ^
puertoUSB.c:172:11: warning: variable 'token' set but not used [-Wunused-but-set-variable]
     char* token = 0;
           ^
puertoUSB.c:171:18: warning: unused variable 'xHandle' [-Wunused-variable]
     TaskHandle_t xHandle = NULL;
                  ^
puertoUSB.c:170:35: warning: unused variable 'timeOut' [-Wunused-variable]
     int valor = 0, resultado = 0, timeOut = 0;
                                   ^
puertoUSB.c:170:20: warning: unused variable 'resultado' [-Wunused-variable]
     int valor = 0, resultado = 0, timeOut = 0;
                    ^
puertoUSB.c:170:9: warning: unused variable 'valor' [-Wunused-variable]
     int valor = 0, resultado = 0, timeOut = 0;
         ^
puertoUSB.c:167:23: warning: unused variable 'funcI2C' [-Wunused-variable]
     xcomandoUSB func, funcI2C;
                       ^
puertoUSB.c:167:17: warning: variable 'func' set but not used [-Wunused-but-set-variable]
     xcomandoUSB func, funcI2C;
                 ^
puertoUSB.c:166:19: warning: unused variable 'comando' [-Wunused-variable]
     char PC[100], comando;
                   ^
arm-none-eabi-gcc.exe -mcpu=cortex-m3 -mthumb -I..\FreeRTOS\Source\include -I..\FreeRTOS\Source\portable\GCC-CM3 -I. -IGenerated_Source\PSoC5 -Wa,-alh=.\CortexM3\ARM_GCC_541\Release/interpretador.lst -g -D NDEBUG -D CY_CORE_ID=0 -Wall -ffunction-sections -ffat-lto-objects -Os -c interpretador.c -o .\CortexM3\ARM_GCC_541\Release\interpretador.o
arm-none-eabi-gcc.exe -mcpu=cortex-m3 -mthumb -I..\FreeRTOS\Source\include -I..\FreeRTOS\Source\portable\GCC-CM3 -I. -IGenerated_Source\PSoC5 -Wa,-alh=.\CortexM3\ARM_GCC_541\Release/cyfitter_cfg.lst -g -D NDEBUG -D CY_CORE_ID=0 -Wall -ffunction-sections -ffat-lto-objects -Os -c Generated_Source\PSoC5\cyfitter_cfg.c -o .\CortexM3\ARM_GCC_541\Release\cyfitter_cfg.o
arm-none-eabi-gcc.exe -mcpu=cortex-m3 -mthumb -I..\FreeRTOS\Source\include -I..\FreeRTOS\Source\portable\GCC-CM3 -I. -IGenerated_Source\PSoC5 -Wa,-alh=.\CortexM3\ARM_GCC_541\Release/CyScBoostClk.lst -g -D NDEBUG -D CY_CORE_ID=0 -Wall -ffunction-sections -ffat-lto-objects -Os -c Generated_Source\PSoC5\CyScBoostClk.c -o .\CortexM3\ARM_GCC_541\Release\CyScBoostClk.o
arm-none-eabi-gcc.exe -mcpu=cortex-m3 -mthumb -I..\FreeRTOS\Source\include -I..\FreeRTOS\Source\portable\GCC-CM3 -I. -IGenerated_Source\PSoC5 -Wa,-alh=.\CortexM3\ARM_GCC_541\Release/LED_DEBUG.lst -g -D NDEBUG -D CY_CORE_ID=0 -Wall -ffunction-sections -ffat-lto-objects -Os -c Generated_Source\PSoC5\LED_DEBUG.c -o .\CortexM3\ARM_GCC_541\Release\LED_DEBUG.o
arm-none-eabi-gcc.exe -mcpu=cortex-m3 -mthumb -I..\FreeRTOS\Source\include -I..\FreeRTOS\Source\portable\GCC-CM3 -I. -IGenerated_Source\PSoC5 -Wa,-alh=.\CortexM3\ARM_GCC_541\Release/LED.lst -g -D NDEBUG -D CY_CORE_ID=0 -Wall -ffunction-sections -ffat-lto-objects -Os -c Generated_Source\PSoC5\LED.c -o .\CortexM3\ARM_GCC_541\Release\LED.o
arm-none-eabi-gcc.exe -mcpu=cortex-m3 -mthumb -I..\FreeRTOS\Source\include -I..\FreeRTOS\Source\portable\GCC-CM3 -I. -IGenerated_Source\PSoC5 -Wa,-alh=.\CortexM3\ARM_GCC_541\Release/ADC.lst -g -D NDEBUG -D CY_CORE_ID=0 -Wall -ffunction-sections -ffat-lto-objects -Os -c Generated_Source\PSoC5\ADC.c -o .\CortexM3\ARM_GCC_541\Release\ADC.o
arm-none-eabi-gcc.exe -mcpu=cortex-m3 -mthumb -I..\FreeRTOS\Source\include -I..\FreeRTOS\Source\portable\GCC-CM3 -I. -IGenerated_Source\PSoC5 -Wa,-alh=.\CortexM3\ARM_GCC_541\Release/ADC_PM.lst -g -D NDEBUG -D CY_CORE_ID=0 -Wall -ffunction-sections -ffat-lto-objects -Os -c Generated_Source\PSoC5\ADC_PM.c -o .\CortexM3\ARM_GCC_541\Release\ADC_PM.o
arm-none-eabi-gcc.exe -mcpu=cortex-m3 -mthumb -I..\FreeRTOS\Source\include -I..\FreeRTOS\Source\portable\GCC-CM3 -I. -IGenerated_Source\PSoC5 -Wa,-alh=.\CortexM3\ARM_GCC_541\Release/ADC_INT.lst -g -D NDEBUG -D CY_CORE_ID=0 -Wall -ffunction-sections -ffat-lto-objects -Os -c Generated_Source\PSoC5\ADC_INT.c -o .\CortexM3\ARM_GCC_541\Release\ADC_INT.o
arm-none-eabi-gcc.exe -mcpu=cortex-m3 -mthumb -I..\FreeRTOS\Source\include -I..\FreeRTOS\Source\portable\GCC-CM3 -I. -IGenerated_Source\PSoC5 -Wa,-alh=.\CortexM3\ARM_GCC_541\Release/BusPrincipal.lst -g -D NDEBUG -D CY_CORE_ID=0 -Wall -ffunction-sections -ffat-lto-objects -Os -c Generated_Source\PSoC5\BusPrincipal.c -o .\CortexM3\ARM_GCC_541\Release\BusPrincipal.o
arm-none-eabi-gcc.exe -mcpu=cortex-m3 -mthumb -I..\FreeRTOS\Source\include -I..\FreeRTOS\Source\portable\GCC-CM3 -I. -IGenerated_Source\PSoC5 -Wa,-alh=.\CortexM3\ARM_GCC_541\Release/BusPrincipal_BOOT.lst -g -D NDEBUG -D CY_CORE_ID=0 -Wall -ffunction-sections -ffat-lto-objects -Os -c Generated_Source\PSoC5\BusPrincipal_BOOT.c -o .\CortexM3\ARM_GCC_541\Release\BusPrincipal_BOOT.o
arm-none-eabi-gcc.exe -mcpu=cortex-m3 -mthumb -I..\FreeRTOS\Source\include -I..\FreeRTOS\Source\portable\GCC-CM3 -I. -IGenerated_Source\PSoC5 -Wa,-alh=.\CortexM3\ARM_GCC_541\Release/BusPrincipal_INT.lst -g -D NDEBUG -D CY_CORE_ID=0 -Wall -ffunction-sections -ffat-lto-objects -Os -c Generated_Source\PSoC5\BusPrincipal_INT.c -o .\CortexM3\ARM_GCC_541\Release\BusPrincipal_INT.o
arm-none-eabi-gcc.exe -mcpu=cortex-m3 -mthumb -I..\FreeRTOS\Source\include -I..\FreeRTOS\Source\portable\GCC-CM3 -I. -IGenerated_Source\PSoC5 -Wa,-alh=.\CortexM3\ARM_GCC_541\Release/BusPrincipal_PM.lst -g -D NDEBUG -D CY_CORE_ID=0 -Wall -ffunction-sections -ffat-lto-objects -Os -c Generated_Source\PSoC5\BusPrincipal_PM.c -o .\CortexM3\ARM_GCC_541\Release\BusPrincipal_PM.o
arm-none-eabi-gcc.exe -mcpu=cortex-m3 -mthumb -I..\FreeRTOS\Source\include -I..\FreeRTOS\Source\portable\GCC-CM3 -I. -IGenerated_Source\PSoC5 -Wa,-alh=.\CortexM3\ARM_GCC_541\Release/BusPrincipal_SLAVE.lst -g -D NDEBUG -D CY_CORE_ID=0 -Wall -ffunction-sections -ffat-lto-objects -Os -c Generated_Source\PSoC5\BusPrincipal_SLAVE.c -o .\CortexM3\ARM_GCC_541\Release\BusPrincipal_SLAVE.o
arm-none-eabi-gcc.exe -mcpu=cortex-m3 -mthumb -I..\FreeRTOS\Source\include -I..\FreeRTOS\Source\portable\GCC-CM3 -I. -IGenerated_Source\PSoC5 -Wa,-alh=.\CortexM3\ARM_GCC_541\Release/BusPrincipal_MASTER.lst -g -D NDEBUG -D CY_CORE_ID=0 -Wall -ffunction-sections -ffat-lto-objects -Os -c Generated_Source\PSoC5\BusPrincipal_MASTER.c -o .\CortexM3\ARM_GCC_541\Release\BusPrincipal_MASTER.o
arm-none-eabi-gcc.exe -mcpu=cortex-m3 -mthumb -I..\FreeRTOS\Source\include -I..\FreeRTOS\Source\portable\GCC-CM3 -I. -IGenerated_Source\PSoC5 -Wa,-alh=.\CortexM3\ARM_GCC_541\Release/DieTemp.lst -g -D NDEBUG -D CY_CORE_ID=0 -Wall -ffunction-sections -ffat-lto-objects -Os -c Generated_Source\PSoC5\DieTemp.c -o .\CortexM3\ARM_GCC_541\Release\DieTemp.o
arm-none-eabi-gcc.exe -mcpu=cortex-m3 -mthumb -I..\FreeRTOS\Source\include -I..\FreeRTOS\Source\portable\GCC-CM3 -I. -IGenerated_Source\PSoC5 -Wa,-alh=.\CortexM3\ARM_GCC_541\Release/SCL.lst -g -D NDEBUG -D CY_CORE_ID=0 -Wall -ffunction-sections -ffat-lto-objects -Os -c Generated_Source\PSoC5\SCL.c -o .\CortexM3\ARM_GCC_541\Release\SCL.o
arm-none-eabi-gcc.exe -mcpu=cortex-m3 -mthumb -I..\FreeRTOS\Source\include -I..\FreeRTOS\Source\portable\GCC-CM3 -I. -IGenerated_Source\PSoC5 -Wa,-alh=.\CortexM3\ARM_GCC_541\Release/SDA.lst -g -D NDEBUG -D CY_CORE_ID=0 -Wall -ffunction-sections -ffat-lto-objects -Os -c Generated_Source\PSoC5\SDA.c -o .\CortexM3\ARM_GCC_541\Release\SDA.o
arm-none-eabi-gcc.exe -mcpu=cortex-m3 -mthumb -I..\FreeRTOS\Source\include -I..\FreeRTOS\Source\portable\GCC-CM3 -I. -IGenerated_Source\PSoC5 -Wa,-alh=.\CortexM3\ARM_GCC_541\Release/RTC_EKIA.lst -g -D NDEBUG -D CY_CORE_ID=0 -Wall -ffunction-sections -ffat-lto-objects -Os -c Generated_Source\PSoC5\RTC_EKIA.c -o .\CortexM3\ARM_GCC_541\Release\RTC_EKIA.o
arm-none-eabi-gcc.exe -mcpu=cortex-m3 -mthumb -I..\FreeRTOS\Source\include -I..\FreeRTOS\Source\portable\GCC-CM3 -I. -IGenerated_Source\PSoC5 -Wa,-alh=.\CortexM3\ARM_GCC_541\Release/EEPROM.lst -g -D NDEBUG -D CY_CORE_ID=0 -Wall -ffunction-sections -ffat-lto-objects -Os -c Generated_Source\PSoC5\EEPROM.c -o .\CortexM3\ARM_GCC_541\Release\EEPROM.o
arm-none-eabi-gcc.exe -mcpu=cortex-m3 -mthumb -I..\FreeRTOS\Source\include -I..\FreeRTOS\Source\portable\GCC-CM3 -I. -IGenerated_Source\PSoC5 -Wa,-alh=.\CortexM3\ARM_GCC_541\Release/Clock_ADC.lst -g -D NDEBUG -D CY_CORE_ID=0 -Wall -ffunction-sections -ffat-lto-objects -Os -c Generated_Source\PSoC5\Clock_ADC.c -o .\CortexM3\ARM_GCC_541\Release\Clock_ADC.o
arm-none-eabi-gcc.exe -mcpu=cortex-m3 -mthumb -I..\FreeRTOS\Source\include -I..\FreeRTOS\Source\portable\GCC-CM3 -I. -IGenerated_Source\PSoC5 -Wa,-alh=.\CortexM3\ARM_GCC_541\Release/USBUART.lst -g -D NDEBUG -D CY_CORE_ID=0 -Wall -ffunction-sections -ffat-lto-objects -Os -c Generated_Source\PSoC5\USBUART.c -o .\CortexM3\ARM_GCC_541\Release\USBUART.o
arm-none-eabi-gcc.exe -mcpu=cortex-m3 -mthumb -I..\FreeRTOS\Source\include -I..\FreeRTOS\Source\portable\GCC-CM3 -I. -IGenerated_Source\PSoC5 -Wa,-alh=.\CortexM3\ARM_GCC_541\Release/USBUART_audio.lst -g -D NDEBUG -D CY_CORE_ID=0 -Wall -ffunction-sections -ffat-lto-objects -Os -c Generated_Source\PSoC5\USBUART_audio.c -o .\CortexM3\ARM_GCC_541\Release\USBUART_audio.o
arm-none-eabi-gcc.exe -mcpu=cortex-m3 -mthumb -I..\FreeRTOS\Source\include -I..\FreeRTOS\Source\portable\GCC-CM3 -I. -IGenerated_Source\PSoC5 -Wa,-alh=.\CortexM3\ARM_GCC_541\Release/USBUART_boot.lst -g -D NDEBUG -D CY_CORE_ID=0 -Wall -ffunction-sections -ffat-lto-objects -Os -c Generated_Source\PSoC5\USBUART_boot.c -o .\CortexM3\ARM_GCC_541\Release\USBUART_boot.o
arm-none-eabi-gcc.exe -mcpu=cortex-m3 -mthumb -I..\FreeRTOS\Source\include -I..\FreeRTOS\Source\portable\GCC-CM3 -I. -IGenerated_Source\PSoC5 -Wa,-alh=.\CortexM3\ARM_GCC_541\Release/USBUART_cdc.lst -g -D NDEBUG -D CY_CORE_ID=0 -Wall -ffunction-sections -ffat-lto-objects -Os -c Generated_Source\PSoC5\USBUART_cdc.c -o .\CortexM3\ARM_GCC_541\Release\USBUART_cdc.o
arm-none-eabi-gcc.exe -mcpu=cortex-m3 -mthumb -I..\FreeRTOS\Source\include -I..\FreeRTOS\Source\portable\GCC-CM3 -I. -IGenerated_Source\PSoC5 -Wa,-alh=.\CortexM3\ARM_GCC_541\Release/USBUART_cls.lst -g -D NDEBUG -D CY_CORE_ID=0 -Wall -ffunction-sections -ffat-lto-objects -Os -c Generated_Source\PSoC5\USBUART_cls.c -o .\CortexM3\ARM_GCC_541\Release\USBUART_cls.o
arm-none-eabi-gcc.exe -mcpu=cortex-m3 -mthumb -I..\FreeRTOS\Source\include -I..\FreeRTOS\Source\portable\GCC-CM3 -I. -IGenerated_Source\PSoC5 -Wa,-alh=.\CortexM3\ARM_GCC_541\Release/USBUART_descr.lst -g -D NDEBUG -D CY_CORE_ID=0 -Wall -ffunction-sections -ffat-lto-objects -Os -c Generated_Source\PSoC5\USBUART_descr.c -o .\CortexM3\ARM_GCC_541\Release\USBUART_descr.o
arm-none-eabi-gcc.exe -mcpu=cortex-m3 -mthumb -I..\FreeRTOS\Source\include -I..\FreeRTOS\Source\portable\GCC-CM3 -I. -IGenerated_Source\PSoC5 -Wa,-alh=.\CortexM3\ARM_GCC_541\Release/USBUART_drv.lst -g -D NDEBUG -D CY_CORE_ID=0 -Wall -ffunction-sections -ffat-lto-objects -Os -c Generated_Source\PSoC5\USBUART_drv.c -o .\CortexM3\ARM_GCC_541\Release\USBUART_drv.o
arm-none-eabi-gcc.exe -mcpu=cortex-m3 -mthumb -I..\FreeRTOS\Source\include -I..\FreeRTOS\Source\portable\GCC-CM3 -I. -IGenerated_Source\PSoC5 -Wa,-alh=.\CortexM3\ARM_GCC_541\Release/USBUART_episr.lst -g -D NDEBUG -D CY_CORE_ID=0 -Wall -ffunction-sections -ffat-lto-objects -Os -c Generated_Source\PSoC5\USBUART_episr.c -o .\CortexM3\ARM_GCC_541\Release\USBUART_episr.o
arm-none-eabi-gcc.exe -mcpu=cortex-m3 -mthumb -I..\FreeRTOS\Source\include -I..\FreeRTOS\Source\portable\GCC-CM3 -I. -IGenerated_Source\PSoC5 -Wa,-alh=.\CortexM3\ARM_GCC_541\Release/USBUART_hid.lst -g -D NDEBUG -D CY_CORE_ID=0 -Wall -ffunction-sections -ffat-lto-objects -Os -c Generated_Source\PSoC5\USBUART_hid.c -o .\CortexM3\ARM_GCC_541\Release\USBUART_hid.o
arm-none-eabi-gcc.exe -mcpu=cortex-m3 -mthumb -I..\FreeRTOS\Source\include -I..\FreeRTOS\Source\portable\GCC-CM3 -I. -IGenerated_Source\PSoC5 -Wa,-alh=.\CortexM3\ARM_GCC_541\Release/USBUART_pm.lst -g -D NDEBUG -D CY_CORE_ID=0 -Wall -ffunction-sections -ffat-lto-objects -Os -c Generated_Source\PSoC5\USBUART_pm.c -o .\CortexM3\ARM_GCC_541\Release\USBUART_pm.o
arm-none-eabi-gcc.exe -mcpu=cortex-m3 -mthumb -I..\FreeRTOS\Source\include -I..\FreeRTOS\Source\portable\GCC-CM3 -I. -IGenerated_Source\PSoC5 -Wa,-alh=.\CortexM3\ARM_GCC_541\Release/USBUART_std.lst -g -D NDEBUG -D CY_CORE_ID=0 -Wall -ffunction-sections -ffat-lto-objects -Os -c Generated_Source\PSoC5\USBUART_std.c -o .\CortexM3\ARM_GCC_541\Release\USBUART_std.o
arm-none-eabi-gcc.exe -mcpu=cortex-m3 -mthumb -I..\FreeRTOS\Source\include -I..\FreeRTOS\Source\portable\GCC-CM3 -I. -IGenerated_Source\PSoC5 -Wa,-alh=.\CortexM3\ARM_GCC_541\Release/USBUART_vnd.lst -g -D NDEBUG -D CY_CORE_ID=0 -Wall -ffunction-sections -ffat-lto-objects -Os -c Generated_Source\PSoC5\USBUART_vnd.c -o .\CortexM3\ARM_GCC_541\Release\USBUART_vnd.o
arm-none-eabi-gcc.exe -mcpu=cortex-m3 -mthumb -I..\FreeRTOS\Source\include -I..\FreeRTOS\Source\portable\GCC-CM3 -I. -IGenerated_Source\PSoC5 -Wa,-alh=.\CortexM3\ARM_GCC_541\Release/USBUART_midi.lst -g -D NDEBUG -D CY_CORE_ID=0 -Wall -ffunction-sections -ffat-lto-objects -Os -c Generated_Source\PSoC5\USBUART_midi.c -o .\CortexM3\ARM_GCC_541\Release\USBUART_midi.o
arm-none-eabi-gcc.exe -mcpu=cortex-m3 -mthumb -I..\FreeRTOS\Source\include -I..\FreeRTOS\Source\portable\GCC-CM3 -I. -IGenerated_Source\PSoC5 -Wa,-alh=.\CortexM3\ARM_GCC_541\Release/USBUART_msc.lst -g -D NDEBUG -D CY_CORE_ID=0 -Wall -ffunction-sections -ffat-lto-objects -Os -c Generated_Source\PSoC5\USBUART_msc.c -o .\CortexM3\ARM_GCC_541\Release\USBUART_msc.o
arm-none-eabi-gcc.exe -mcpu=cortex-m3 -mthumb -I..\FreeRTOS\Source\include -I..\FreeRTOS\Source\portable\GCC-CM3 -I. -IGenerated_Source\PSoC5 -Wa,-alh=.\CortexM3\ARM_GCC_541\Release/ADC_SAR.lst -g -D NDEBUG -D CY_CORE_ID=0 -Wall -ffunction-sections -ffat-lto-objects -Os -c Generated_Source\PSoC5\ADC_SAR.c -o .\CortexM3\ARM_GCC_541\Release\ADC_SAR.o
arm-none-eabi-gcc.exe -mcpu=cortex-m3 -mthumb -I..\FreeRTOS\Source\include -I..\FreeRTOS\Source\portable\GCC-CM3 -I. -IGenerated_Source\PSoC5 -Wa,-alh=.\CortexM3\ARM_GCC_541\Release/ADC_SAR_INT.lst -g -D NDEBUG -D CY_CORE_ID=0 -Wall -ffunction-sections -ffat-lto-objects -Os -c Generated_Source\PSoC5\ADC_SAR_INT.c -o .\CortexM3\ARM_GCC_541\Release\ADC_SAR_INT.o
arm-none-eabi-gcc.exe -mcpu=cortex-m3 -mthumb -I..\FreeRTOS\Source\include -I..\FreeRTOS\Source\portable\GCC-CM3 -I. -IGenerated_Source\PSoC5 -Wa,-alh=.\CortexM3\ARM_GCC_541\Release/ADC_SAR_PM.lst -g -D NDEBUG -D CY_CORE_ID=0 -Wall -ffunction-sections -ffat-lto-objects -Os -c Generated_Source\PSoC5\ADC_SAR_PM.c -o .\CortexM3\ARM_GCC_541\Release\ADC_SAR_PM.o
arm-none-eabi-gcc.exe -mcpu=cortex-m3 -mthumb -I..\FreeRTOS\Source\include -I..\FreeRTOS\Source\portable\GCC-CM3 -I. -IGenerated_Source\PSoC5 -Wa,-alh=.\CortexM3\ARM_GCC_541\Release/ADC_TempBuf_dma.lst -g -D NDEBUG -D CY_CORE_ID=0 -Wall -ffunction-sections -ffat-lto-objects -Os -c Generated_Source\PSoC5\ADC_TempBuf_dma.c -o .\CortexM3\ARM_GCC_541\Release\ADC_TempBuf_dma.o
arm-none-eabi-gcc.exe -mcpu=cortex-m3 -mthumb -I..\FreeRTOS\Source\include -I..\FreeRTOS\Source\portable\GCC-CM3 -I. -IGenerated_Source\PSoC5 -Wa,-alh=.\CortexM3\ARM_GCC_541\Release/ADC_FinalBuf_dma.lst -g -D NDEBUG -D CY_CORE_ID=0 -Wall -ffunction-sections -ffat-lto-objects -Os -c Generated_Source\PSoC5\ADC_FinalBuf_dma.c -o .\CortexM3\ARM_GCC_541\Release\ADC_FinalBuf_dma.o
arm-none-eabi-gcc.exe -mcpu=cortex-m3 -mthumb -I..\FreeRTOS\Source\include -I..\FreeRTOS\Source\portable\GCC-CM3 -I. -IGenerated_Source\PSoC5 -Wa,-alh=.\CortexM3\ARM_GCC_541\Release/ADC_IRQ.lst -g -D NDEBUG -D CY_CORE_ID=0 -Wall -ffunction-sections -ffat-lto-objects -Os -c Generated_Source\PSoC5\ADC_IRQ.c -o .\CortexM3\ARM_GCC_541\Release\ADC_IRQ.o
arm-none-eabi-gcc.exe -mcpu=cortex-m3 -mthumb -I..\FreeRTOS\Source\include -I..\FreeRTOS\Source\portable\GCC-CM3 -I. -IGenerated_Source\PSoC5 -Wa,-alh=.\CortexM3\ARM_GCC_541\Release/RTC_RTC.lst -g -D NDEBUG -D CY_CORE_ID=0 -Wall -ffunction-sections -ffat-lto-objects -Os -c Generated_Source\PSoC5\RTC_RTC.c -o .\CortexM3\ARM_GCC_541\Release\RTC_RTC.o
arm-none-eabi-gcc.exe -mcpu=cortex-m3 -mthumb -I..\FreeRTOS\Source\include -I..\FreeRTOS\Source\portable\GCC-CM3 -I. -IGenerated_Source\PSoC5 -Wa,-alh=.\CortexM3\ARM_GCC_541\Release/RTC_RTC_INT.lst -g -D NDEBUG -D CY_CORE_ID=0 -Wall -ffunction-sections -ffat-lto-objects -Os -c Generated_Source\PSoC5\RTC_RTC_INT.c -o .\CortexM3\ARM_GCC_541\Release\RTC_RTC_INT.o
arm-none-eabi-gcc.exe -mcpu=cortex-m3 -mthumb -I..\FreeRTOS\Source\include -I..\FreeRTOS\Source\portable\GCC-CM3 -I. -IGenerated_Source\PSoC5 -Wa,-alh=.\CortexM3\ARM_GCC_541\Release/USBUART_Dm.lst -g -D NDEBUG -D CY_CORE_ID=0 -Wall -ffunction-sections -ffat-lto-objects -Os -c Generated_Source\PSoC5\USBUART_Dm.c -o .\CortexM3\ARM_GCC_541\Release\USBUART_Dm.o
arm-none-eabi-gcc.exe -mcpu=cortex-m3 -mthumb -I..\FreeRTOS\Source\include -I..\FreeRTOS\Source\portable\GCC-CM3 -I. -IGenerated_Source\PSoC5 -Wa,-alh=.\CortexM3\ARM_GCC_541\Release/USBUART_Dp.lst -g -D NDEBUG -D CY_CORE_ID=0 -Wall -ffunction-sections -ffat-lto-objects -Os -c Generated_Source\PSoC5\USBUART_Dp.c -o .\CortexM3\ARM_GCC_541\Release\USBUART_Dp.o
arm-none-eabi-gcc.exe -mcpu=cortex-m3 -mthumb -I..\FreeRTOS\Source\include -I..\FreeRTOS\Source\portable\GCC-CM3 -I. -IGenerated_Source\PSoC5 -Wa,-alh=.\CortexM3\ARM_GCC_541\Release/cy_em_eeprom.lst -g -D NDEBUG -D CY_CORE_ID=0 -Wall -ffunction-sections -ffat-lto-objects -Os -c Generated_Source\PSoC5\cy_em_eeprom.c -o .\CortexM3\ARM_GCC_541\Release\cy_em_eeprom.o
arm-none-eabi-gcc.exe -mcpu=cortex-m3 -mthumb -I..\FreeRTOS\Source\include -I..\FreeRTOS\Source\portable\GCC-CM3 -I. -IGenerated_Source\PSoC5 -Wa,-alh=.\CortexM3\ARM_GCC_541\Release/Cm3Start.lst -g -D NDEBUG -D CY_CORE_ID=0 -Wall -ffunction-sections -ffat-lto-objects -Os -c Generated_Source\PSoC5\Cm3Start.c -o .\CortexM3\ARM_GCC_541\Release\Cm3Start.o
arm-none-eabi-gcc.exe -mcpu=cortex-m3 -mthumb -I..\FreeRTOS\Source\include -I..\FreeRTOS\Source\portable\GCC-CM3 -I. -IGenerated_Source\PSoC5 -Wa,-alh=.\CortexM3\ARM_GCC_541\Release/CyDmac.lst -g -D NDEBUG -D CY_CORE_ID=0 -Wall -ffunction-sections -ffat-lto-objects -Os -c Generated_Source\PSoC5\CyDmac.c -o .\CortexM3\ARM_GCC_541\Release\CyDmac.o
arm-none-eabi-gcc.exe -mcpu=cortex-m3 -mthumb -I..\FreeRTOS\Source\include -I..\FreeRTOS\Source\portable\GCC-CM3 -I. -IGenerated_Source\PSoC5 -Wa,-alh=.\CortexM3\ARM_GCC_541\Release/CyFlash.lst -g -D NDEBUG -D CY_CORE_ID=0 -Wall -ffunction-sections -ffat-lto-objects -Os -c Generated_Source\PSoC5\CyFlash.c -o .\CortexM3\ARM_GCC_541\Release\CyFlash.o
arm-none-eabi-gcc.exe -mcpu=cortex-m3 -mthumb -I..\FreeRTOS\Source\include -I..\FreeRTOS\Source\portable\GCC-CM3 -I. -IGenerated_Source\PSoC5 -Wa,-alh=.\CortexM3\ARM_GCC_541\Release/CyLib.lst -g -D NDEBUG -D CY_CORE_ID=0 -Wall -ffunction-sections -ffat-lto-objects -Os -c Generated_Source\PSoC5\CyLib.c -o .\CortexM3\ARM_GCC_541\Release\CyLib.o
arm-none-eabi-gcc.exe -mcpu=cortex-m3 -mthumb -I..\FreeRTOS\Source\include -I..\FreeRTOS\Source\portable\GCC-CM3 -I. -IGenerated_Source\PSoC5 -Wa,-alh=.\CortexM3\ARM_GCC_541\Release/cyPm.lst -g -D NDEBUG -D CY_CORE_ID=0 -Wall -ffunction-sections -ffat-lto-objects -Os -c Generated_Source\PSoC5\cyPm.c -o .\CortexM3\ARM_GCC_541\Release\cyPm.o
arm-none-eabi-gcc.exe -mcpu=cortex-m3 -mthumb -I..\FreeRTOS\Source\include -I..\FreeRTOS\Source\portable\GCC-CM3 -I. -IGenerated_Source\PSoC5 -Wa,-alh=.\CortexM3\ARM_GCC_541\Release/CySpc.lst -g -D NDEBUG -D CY_CORE_ID=0 -Wall -ffunction-sections -ffat-lto-objects -Os -c Generated_Source\PSoC5\CySpc.c -o .\CortexM3\ARM_GCC_541\Release\CySpc.o
arm-none-eabi-gcc.exe -mcpu=cortex-m3 -mthumb -I..\FreeRTOS\Source\include -I..\FreeRTOS\Source\portable\GCC-CM3 -I. -IGenerated_Source\PSoC5 -Wa,-alh=.\CortexM3\ARM_GCC_541\Release/cyutils.lst -g -D NDEBUG -D CY_CORE_ID=0 -Wall -ffunction-sections -ffat-lto-objects -Os -c Generated_Source\PSoC5\cyutils.c -o .\CortexM3\ARM_GCC_541\Release\cyutils.o
arm-none-eabi-gcc.exe -mcpu=cortex-m3 -mthumb -I..\FreeRTOS\Source\include -I..\FreeRTOS\Source\portable\GCC-CM3 -I. -IGenerated_Source\PSoC5 -Wa,-alh=.\CortexM3\ARM_GCC_541\Release/Ultrasonido.lst -g -D NDEBUG -D CY_CORE_ID=0 -Wall -ffunction-sections -ffat-lto-objects -Os -c Generated_Source\PSoC5\Ultrasonido.c -o .\CortexM3\ARM_GCC_541\Release\Ultrasonido.o
arm-none-eabi-gcc.exe -mcpu=cortex-m3 -mthumb -I..\FreeRTOS\Source\include -I..\FreeRTOS\Source\portable\GCC-CM3 -I. -IGenerated_Source\PSoC5 -Wa,-alh=.\CortexM3\ARM_GCC_541\Release/entradaEcho.lst -g -D NDEBUG -D CY_CORE_ID=0 -Wall -ffunction-sections -ffat-lto-objects -Os -c Generated_Source\PSoC5\entradaEcho.c -o .\CortexM3\ARM_GCC_541\Release\entradaEcho.o
arm-none-eabi-gcc.exe -mcpu=cortex-m3 -mthumb -I..\FreeRTOS\Source\include -I..\FreeRTOS\Source\portable\GCC-CM3 -I. -IGenerated_Source\PSoC5 -Wa,-alh=.\CortexM3\ARM_GCC_541\Release/entradaEcho_PM.lst -g -D NDEBUG -D CY_CORE_ID=0 -Wall -ffunction-sections -ffat-lto-objects -Os -c Generated_Source\PSoC5\entradaEcho_PM.c -o .\CortexM3\ARM_GCC_541\Release\entradaEcho_PM.o
arm-none-eabi-gcc.exe -mcpu=cortex-m3 -mthumb -I..\FreeRTOS\Source\include -I..\FreeRTOS\Source\portable\GCC-CM3 -I. -IGenerated_Source\PSoC5 -Wa,-alh=.\CortexM3\ARM_GCC_541\Release/salidaTrigger.lst -g -D NDEBUG -D CY_CORE_ID=0 -Wall -ffunction-sections -ffat-lto-objects -Os -c Generated_Source\PSoC5\salidaTrigger.c -o .\CortexM3\ARM_GCC_541\Release\salidaTrigger.o
arm-none-eabi-gcc.exe -mcpu=cortex-m3 -mthumb -I..\FreeRTOS\Source\include -I..\FreeRTOS\Source\portable\GCC-CM3 -I. -IGenerated_Source\PSoC5 -Wa,-alh=.\CortexM3\ARM_GCC_541\Release/salidaTrigger_PM.lst -g -D NDEBUG -D CY_CORE_ID=0 -Wall -ffunction-sections -ffat-lto-objects -Os -c Generated_Source\PSoC5\salidaTrigger_PM.c -o .\CortexM3\ARM_GCC_541\Release\salidaTrigger_PM.o
arm-none-eabi-gcc.exe -mcpu=cortex-m3 -mthumb -I..\FreeRTOS\Source\include -I..\FreeRTOS\Source\portable\GCC-CM3 -I. -IGenerated_Source\PSoC5 -Wa,-alh=.\CortexM3\ARM_GCC_541\Release/Ultrasonido_Timer_Ultrasonido.lst -g -D NDEBUG -D CY_CORE_ID=0 -Wall -ffunction-sections -ffat-lto-objects -Os -c Generated_Source\PSoC5\Ultrasonido_Timer_Ultrasonido.c -o .\CortexM3\ARM_GCC_541\Release\Ultrasonido_Timer_Ultrasonido.o
arm-none-eabi-gcc.exe -mcpu=cortex-m3 -mthumb -I..\FreeRTOS\Source\include -I..\FreeRTOS\Source\portable\GCC-CM3 -I. -IGenerated_Source\PSoC5 -Wa,-alh=.\CortexM3\ARM_GCC_541\Release/Ultrasonido_Timer_Ultrasonido_PM.lst -g -D NDEBUG -D CY_CORE_ID=0 -Wall -ffunction-sections -ffat-lto-objects -Os -c Generated_Source\PSoC5\Ultrasonido_Timer_Ultrasonido_PM.c -o .\CortexM3\ARM_GCC_541\Release\Ultrasonido_Timer_Ultrasonido_PM.o
arm-none-eabi-gcc.exe -mcpu=cortex-m3 -mthumb -I..\FreeRTOS\Source\include -I..\FreeRTOS\Source\portable\GCC-CM3 -I. -IGenerated_Source\PSoC5 -Wa,-alh=.\CortexM3\ARM_GCC_541\Release/Ultrasonido_Control_Trigger.lst -g -D NDEBUG -D CY_CORE_ID=0 -Wall -ffunction-sections -ffat-lto-objects -Os -c Generated_Source\PSoC5\Ultrasonido_Control_Trigger.c -o .\CortexM3\ARM_GCC_541\Release\Ultrasonido_Control_Trigger.o
arm-none-eabi-gcc.exe -mcpu=cortex-m3 -mthumb -I..\FreeRTOS\Source\include -I..\FreeRTOS\Source\portable\GCC-CM3 -I. -IGenerated_Source\PSoC5 -Wa,-alh=.\CortexM3\ARM_GCC_541\Release/Ultrasonido_Control_Trigger_PM.lst -g -D NDEBUG -D CY_CORE_ID=0 -Wall -ffunction-sections -ffat-lto-objects -Os -c Generated_Source\PSoC5\Ultrasonido_Control_Trigger_PM.c -o .\CortexM3\ARM_GCC_541\Release\Ultrasonido_Control_Trigger_PM.o
arm-none-eabi-gcc.exe -mcpu=cortex-m3 -mthumb -I..\FreeRTOS\Source\include -I..\FreeRTOS\Source\portable\GCC-CM3 -I. -IGenerated_Source\PSoC5 -Wa,-alh=.\CortexM3\ARM_GCC_541\Release/isr_Peso.lst -g -D NDEBUG -D CY_CORE_ID=0 -Wall -ffunction-sections -ffat-lto-objects -Os -c Generated_Source\PSoC5\isr_Peso.c -o .\CortexM3\ARM_GCC_541\Release\isr_Peso.o
arm-none-eabi-gcc.exe -mcpu=cortex-m3 -mthumb -I..\FreeRTOS\Source\include -I..\FreeRTOS\Source\portable\GCC-CM3 -I. -IGenerated_Source\PSoC5 -Wa,-alh=.\CortexM3\ARM_GCC_541\Release/sensorPeso.lst -g -D NDEBUG -D CY_CORE_ID=0 -Wall -ffunction-sections -ffat-lto-objects -Os -c Generated_Source\PSoC5\sensorPeso.c -o .\CortexM3\ARM_GCC_541\Release\sensorPeso.o
arm-none-eabi-gcc.exe -mcpu=cortex-m3 -mthumb -I..\FreeRTOS\Source\include -I..\FreeRTOS\Source\portable\GCC-CM3 -I. -IGenerated_Source\PSoC5 -Wa,-alh=.\CortexM3\ARM_GCC_541\Release/sensorPeso_PM.lst -g -D NDEBUG -D CY_CORE_ID=0 -Wall -ffunction-sections -ffat-lto-objects -Os -c Generated_Source\PSoC5\sensorPeso_PM.c -o .\CortexM3\ARM_GCC_541\Release\sensorPeso_PM.o
arm-none-eabi-gcc.exe -mcpu=cortex-m3 -mthumb -I..\FreeRTOS\Source\include -I..\FreeRTOS\Source\portable\GCC-CM3 -I. -IGenerated_Source\PSoC5 -Wa,-alh=.\CortexM3\ARM_GCC_541\Release/Peso_CLK.lst -g -D NDEBUG -D CY_CORE_ID=0 -Wall -ffunction-sections -ffat-lto-objects -Os -c Generated_Source\PSoC5\Peso_CLK.c -o .\CortexM3\ARM_GCC_541\Release\Peso_CLK.o
arm-none-eabi-gcc.exe -mcpu=cortex-m3 -mthumb -I..\FreeRTOS\Source\include -I..\FreeRTOS\Source\portable\GCC-CM3 -I. -IGenerated_Source\PSoC5 -Wa,-alh=.\CortexM3\ARM_GCC_541\Release/Control_Reg.lst -g -D NDEBUG -D CY_CORE_ID=0 -Wall -ffunction-sections -ffat-lto-objects -Os -c Generated_Source\PSoC5\Control_Reg.c -o .\CortexM3\ARM_GCC_541\Release\Control_Reg.o
arm-none-eabi-gcc.exe -mcpu=cortex-m3 -mthumb -I..\FreeRTOS\Source\include -I..\FreeRTOS\Source\portable\GCC-CM3 -I. -IGenerated_Source\PSoC5 -Wa,-alh=.\CortexM3\ARM_GCC_541\Release/Control_Reg_PM.lst -g -D NDEBUG -D CY_CORE_ID=0 -Wall -ffunction-sections -ffat-lto-objects -Os -c Generated_Source\PSoC5\Control_Reg_PM.c -o .\CortexM3\ARM_GCC_541\Release\Control_Reg_PM.o
arm-none-eabi-gcc.exe -mcpu=cortex-m3 -mthumb -I..\FreeRTOS\Source\include -I..\FreeRTOS\Source\portable\GCC-CM3 -I. -IGenerated_Source\PSoC5 -Wa,-alh=.\CortexM3\ARM_GCC_541\Release/ContadorBitPeso.lst -g -D NDEBUG -D CY_CORE_ID=0 -Wall -ffunction-sections -ffat-lto-objects -Os -c Generated_Source\PSoC5\ContadorBitPeso.c -o .\CortexM3\ARM_GCC_541\Release\ContadorBitPeso.o
arm-none-eabi-gcc.exe -mcpu=cortex-m3 -mthumb -I..\FreeRTOS\Source\include -I..\FreeRTOS\Source\portable\GCC-CM3 -I. -IGenerated_Source\PSoC5 -Wa,-alh=.\CortexM3\ARM_GCC_541\Release/ContadorBitPeso_PM.lst -g -D NDEBUG -D CY_CORE_ID=0 -Wall -ffunction-sections -ffat-lto-objects -Os -c Generated_Source\PSoC5\ContadorBitPeso_PM.c -o .\CortexM3\ARM_GCC_541\Release\ContadorBitPeso_PM.o
arm-none-eabi-gcc.exe -mcpu=cortex-m3 -mthumb -I..\FreeRTOS\Source\include -I..\FreeRTOS\Source\portable\GCC-CM3 -I. -IGenerated_Source\PSoC5 -Wa,-alh=.\CortexM3\ARM_GCC_541\Release/Timer.lst -g -D NDEBUG -D CY_CORE_ID=0 -Wall -ffunction-sections -ffat-lto-objects -Os -c Generated_Source\PSoC5\Timer.c -o .\CortexM3\ARM_GCC_541\Release\Timer.o
arm-none-eabi-gcc.exe -mcpu=cortex-m3 -mthumb -I..\FreeRTOS\Source\include -I..\FreeRTOS\Source\portable\GCC-CM3 -I. -IGenerated_Source\PSoC5 -Wa,-alh=.\CortexM3\ARM_GCC_541\Release/Timer_PM.lst -g -D NDEBUG -D CY_CORE_ID=0 -Wall -ffunction-sections -ffat-lto-objects -Os -c Generated_Source\PSoC5\Timer_PM.c -o .\CortexM3\ARM_GCC_541\Release\Timer_PM.o
arm-none-eabi-gcc.exe -mcpu=cortex-m3 -mthumb -I..\FreeRTOS\Source\include -I..\FreeRTOS\Source\portable\GCC-CM3 -I. -IGenerated_Source\PSoC5 -Wa,-alh=.\CortexM3\ARM_GCC_541\Release/Peso_Data.lst -g -D NDEBUG -D CY_CORE_ID=0 -Wall -ffunction-sections -ffat-lto-objects -Os -c Generated_Source\PSoC5\Peso_Data.c -o .\CortexM3\ARM_GCC_541\Release\Peso_Data.o
arm-none-eabi-gcc.exe -mcpu=cortex-m3 -mthumb -I..\FreeRTOS\Source\include -I..\FreeRTOS\Source\portable\GCC-CM3 -I. -IGenerated_Source\PSoC5 -Wa,-alh=.\CortexM3\ARM_GCC_541\Release/Reloj_Gen.lst -g -D NDEBUG -D CY_CORE_ID=0 -Wall -ffunction-sections -ffat-lto-objects -Os -c Generated_Source\PSoC5\Reloj_Gen.c -o .\CortexM3\ARM_GCC_541\Release\Reloj_Gen.o
arm-none-eabi-gcc.exe -mcpu=cortex-m3 -mthumb -I..\FreeRTOS\Source\include -I..\FreeRTOS\Source\portable\GCC-CM3 -I. -IGenerated_Source\PSoC5 -Wa,-alh=.\CortexM3\ARM_GCC_541\Release/Clock_2.lst -g -D NDEBUG -D CY_CORE_ID=0 -Wall -ffunction-sections -ffat-lto-objects -Os -c Generated_Source\PSoC5\Clock_2.c -o .\CortexM3\ARM_GCC_541\Release\Clock_2.o
arm-none-eabi-gcc.exe -mcpu=cortex-m3 -mthumb -I..\FreeRTOS\Source\include -I..\FreeRTOS\Source\portable\GCC-CM3 -I. -IGenerated_Source\PSoC5 -Wa,-alh=.\CortexM3\ARM_GCC_541\Release/DHT21_2.lst -g -D NDEBUG -D CY_CORE_ID=0 -Wall -ffunction-sections -ffat-lto-objects -Os -c Generated_Source\PSoC5\DHT21_2.c -o .\CortexM3\ARM_GCC_541\Release\DHT21_2.o
arm-none-eabi-gcc.exe -mcpu=cortex-m3 -mthumb -I..\FreeRTOS\Source\include -I..\FreeRTOS\Source\portable\GCC-CM3 -I. -IGenerated_Source\PSoC5 -Wa,-alh=.\CortexM3\ARM_GCC_541\Release/DHT21_1.lst -g -D NDEBUG -D CY_CORE_ID=0 -Wall -ffunction-sections -ffat-lto-objects -Os -c Generated_Source\PSoC5\DHT21_1.c -o .\CortexM3\ARM_GCC_541\Release\DHT21_1.o
arm-none-eabi-gcc.exe -mcpu=cortex-m3 -mthumb -I..\FreeRTOS\Source\include -I..\FreeRTOS\Source\portable\GCC-CM3 -I. -IGenerated_Source\PSoC5 -Wa,-alh=.\CortexM3\ARM_GCC_541\Release/PWM_Motores.lst -g -D NDEBUG -D CY_CORE_ID=0 -Wall -ffunction-sections -ffat-lto-objects -Os -c Generated_Source\PSoC5\PWM_Motores.c -o .\CortexM3\ARM_GCC_541\Release\PWM_Motores.o
arm-none-eabi-gcc.exe -mcpu=cortex-m3 -mthumb -I..\FreeRTOS\Source\include -I..\FreeRTOS\Source\portable\GCC-CM3 -I. -IGenerated_Source\PSoC5 -Wa,-alh=.\CortexM3\ARM_GCC_541\Release/PWM_Motores_PM.lst -g -D NDEBUG -D CY_CORE_ID=0 -Wall -ffunction-sections -ffat-lto-objects -Os -c Generated_Source\PSoC5\PWM_Motores_PM.c -o .\CortexM3\ARM_GCC_541\Release\PWM_Motores_PM.o
arm-none-eabi-gcc.exe -mcpu=cortex-m3 -mthumb -I..\FreeRTOS\Source\include -I..\FreeRTOS\Source\portable\GCC-CM3 -I. -IGenerated_Source\PSoC5 -Wa,-alh=.\CortexM3\ARM_GCC_541\Release/PWM_LED.lst -g -D NDEBUG -D CY_CORE_ID=0 -Wall -ffunction-sections -ffat-lto-objects -Os -c Generated_Source\PSoC5\PWM_LED.c -o .\CortexM3\ARM_GCC_541\Release\PWM_LED.o
arm-none-eabi-gcc.exe -mcpu=cortex-m3 -mthumb -I..\FreeRTOS\Source\include -I..\FreeRTOS\Source\portable\GCC-CM3 -I. -IGenerated_Source\PSoC5 -Wa,-alh=.\CortexM3\ARM_GCC_541\Release/PWM_LED_PM.lst -g -D NDEBUG -D CY_CORE_ID=0 -Wall -ffunction-sections -ffat-lto-objects -Os -c Generated_Source\PSoC5\PWM_LED_PM.c -o .\CortexM3\ARM_GCC_541\Release\PWM_LED_PM.o
arm-none-eabi-gcc.exe -mcpu=cortex-m3 -mthumb -I..\FreeRTOS\Source\include -I..\FreeRTOS\Source\portable\GCC-CM3 -I. -IGenerated_Source\PSoC5 -Wa,-alh=.\CortexM3\ARM_GCC_541\Release/Motores.lst -g -D NDEBUG -D CY_CORE_ID=0 -Wall -ffunction-sections -ffat-lto-objects -Os -c Generated_Source\PSoC5\Motores.c -o .\CortexM3\ARM_GCC_541\Release\Motores.o
arm-none-eabi-gcc.exe -mcpu=cortex-m3 -mthumb -I..\FreeRTOS\Source\include -I..\FreeRTOS\Source\portable\GCC-CM3 -I. -IGenerated_Source\PSoC5 -Wa,-alh=.\CortexM3\ARM_GCC_541\Release/Motores_PM.lst -g -D NDEBUG -D CY_CORE_ID=0 -Wall -ffunction-sections -ffat-lto-objects -Os -c Generated_Source\PSoC5\Motores_PM.c -o .\CortexM3\ARM_GCC_541\Release\Motores_PM.o
arm-none-eabi-gcc.exe -mcpu=cortex-m3 -mthumb -I..\FreeRTOS\Source\include -I..\FreeRTOS\Source\portable\GCC-CM3 -I. -IGenerated_Source\PSoC5 -Wa,-alh=.\CortexM3\ARM_GCC_541\Release/llave.lst -g -D NDEBUG -D CY_CORE_ID=0 -Wall -ffunction-sections -ffat-lto-objects -Os -c Generated_Source\PSoC5\llave.c -o .\CortexM3\ARM_GCC_541\Release\llave.o
arm-none-eabi-gcc.exe -mcpu=cortex-m3 -mthumb -I..\FreeRTOS\Source\include -I..\FreeRTOS\Source\portable\GCC-CM3 -I. -IGenerated_Source\PSoC5 -Wa,-alh=.\CortexM3\ARM_GCC_541\Release/Puerta.lst -g -D NDEBUG -D CY_CORE_ID=0 -Wall -ffunction-sections -ffat-lto-objects -Os -c Generated_Source\PSoC5\Puerta.c -o .\CortexM3\ARM_GCC_541\Release\Puerta.o
arm-none-eabi-gcc.exe -mcpu=cortex-m3 -mthumb -I..\FreeRTOS\Source\include -I..\FreeRTOS\Source\portable\GCC-CM3 -I. -IGenerated_Source\PSoC5 -Wa,-alh=.\CortexM3\ARM_GCC_541\Release/Iluminacion.lst -g -D NDEBUG -D CY_CORE_ID=0 -Wall -ffunction-sections -ffat-lto-objects -Os -c Generated_Source\PSoC5\Iluminacion.c -o .\CortexM3\ARM_GCC_541\Release\Iluminacion.o
arm-none-eabi-gcc.exe -mcpu=cortex-m3 -mthumb -I..\FreeRTOS\Source\include -I..\FreeRTOS\Source\portable\GCC-CM3 -I. -IGenerated_Source\PSoC5 -Wa,-alh=.\CortexM3\ARM_GCC_541\Release/Refrigeracion.lst -g -D NDEBUG -D CY_CORE_ID=0 -Wall -ffunction-sections -ffat-lto-objects -Os -c Generated_Source\PSoC5\Refrigeracion.c -o .\CortexM3\ARM_GCC_541\Release\Refrigeracion.o
arm-none-eabi-gcc.exe -mcpu=cortex-m3 -mthumb -I..\FreeRTOS\Source\include -I..\FreeRTOS\Source\portable\GCC-CM3 -I. -IGenerated_Source\PSoC5 -Wa,-alh=.\CortexM3\ARM_GCC_541\Release/Bloqueo_Columna.lst -g -D NDEBUG -D CY_CORE_ID=0 -Wall -ffunction-sections -ffat-lto-objects -Os -c Generated_Source\PSoC5\Bloqueo_Columna.c -o .\CortexM3\ARM_GCC_541\Release\Bloqueo_Columna.o
arm-none-eabi-gcc.exe -mcpu=cortex-m3 -mthumb -I..\FreeRTOS\Source\include -I..\FreeRTOS\Source\portable\GCC-CM3 -I. -IGenerated_Source\PSoC5 -Wa,-alh=.\CortexM3\ARM_GCC_541\Release/Bloqueo_Columna_PM.lst -g -D NDEBUG -D CY_CORE_ID=0 -Wall -ffunction-sections -ffat-lto-objects -Os -c Generated_Source\PSoC5\Bloqueo_Columna_PM.c -o .\CortexM3\ARM_GCC_541\Release\Bloqueo_Columna_PM.o
arm-none-eabi-gcc.exe -mcpu=cortex-m3 -mthumb -I..\FreeRTOS\Source\include -I..\FreeRTOS\Source\portable\GCC-CM3 -I. -IGenerated_Source\PSoC5 -Wa,-alh=.\CortexM3\ARM_GCC_541\Release/Bloqueo_Fila.lst -g -D NDEBUG -D CY_CORE_ID=0 -Wall -ffunction-sections -ffat-lto-objects -Os -c Generated_Source\PSoC5\Bloqueo_Fila.c -o .\CortexM3\ARM_GCC_541\Release\Bloqueo_Fila.o
arm-none-eabi-gcc.exe -mcpu=cortex-m3 -mthumb -I..\FreeRTOS\Source\include -I..\FreeRTOS\Source\portable\GCC-CM3 -I. -IGenerated_Source\PSoC5 -Wa,-alh=.\CortexM3\ARM_GCC_541\Release/Bloqueo_Fila_PM.lst -g -D NDEBUG -D CY_CORE_ID=0 -Wall -ffunction-sections -ffat-lto-objects -Os -c Generated_Source\PSoC5\Bloqueo_Fila_PM.c -o .\CortexM3\ARM_GCC_541\Release\Bloqueo_Fila_PM.o
arm-none-eabi-gcc.exe -mcpu=cortex-m3 -mthumb -I..\FreeRTOS\Source\include -I..\FreeRTOS\Source\portable\GCC-CM3 -I. -IGenerated_Source\PSoC5 -Wa,-alh=.\CortexM3\ARM_GCC_541\Release/isr_Sensor2.lst -g -D NDEBUG -D CY_CORE_ID=0 -Wall -ffunction-sections -ffat-lto-objects -Os -c Generated_Source\PSoC5\isr_Sensor2.c -o .\CortexM3\ARM_GCC_541\Release\isr_Sensor2.o
arm-none-eabi-gcc.exe -mcpu=cortex-m3 -mthumb -I..\FreeRTOS\Source\include -I..\FreeRTOS\Source\portable\GCC-CM3 -I. -IGenerated_Source\PSoC5 -Wa,-alh=.\CortexM3\ARM_GCC_541\Release/Sensor_Canasta1.lst -g -D NDEBUG -D CY_CORE_ID=0 -Wall -ffunction-sections -ffat-lto-objects -Os -c Generated_Source\PSoC5\Sensor_Canasta1.c -o .\CortexM3\ARM_GCC_541\Release\Sensor_Canasta1.o
arm-none-eabi-gcc.exe -mcpu=cortex-m3 -mthumb -I..\FreeRTOS\Source\include -I..\FreeRTOS\Source\portable\GCC-CM3 -I. -IGenerated_Source\PSoC5 -Wa,-alh=.\CortexM3\ARM_GCC_541\Release/Sensor_Canasta2.lst -g -D NDEBUG -D CY_CORE_ID=0 -Wall -ffunction-sections -ffat-lto-objects -Os -c Generated_Source\PSoC5\Sensor_Canasta2.c -o .\CortexM3\ARM_GCC_541\Release\Sensor_Canasta2.o
arm-none-eabi-gcc.exe -mcpu=cortex-m3 -mthumb -I..\FreeRTOS\Source\include -I..\FreeRTOS\Source\portable\GCC-CM3 -I. -IGenerated_Source\PSoC5 -Wa,-alh=.\CortexM3\ARM_GCC_541\Release/isr_Sensor1.lst -g -D NDEBUG -D CY_CORE_ID=0 -Wall -ffunction-sections -ffat-lto-objects -Os -c Generated_Source\PSoC5\isr_Sensor1.c -o .\CortexM3\ARM_GCC_541\Release\isr_Sensor1.o
arm-none-eabi-as.exe -mcpu=cortex-m3 -mthumb -I. -IGenerated_Source\PSoC5 -alh=.\CortexM3\ARM_GCC_541\Release/CyBootAsmGnu.lst -g -W -o .\CortexM3\ARM_GCC_541\Release\CyBootAsmGnu.o Generated_Source\PSoC5\CyBootAsmGnu.s
arm-none-eabi-ar.exe -rs .\CortexM3\ARM_GCC_541\Release\Dispensador.a .\CortexM3\ARM_GCC_541\Release\CyScBoostClk.o .\CortexM3\ARM_GCC_541\Release\LED_DEBUG.o .\CortexM3\ARM_GCC_541\Release\LED.o .\CortexM3\ARM_GCC_541\Release\ADC.o .\CortexM3\ARM_GCC_541\Release\ADC_PM.o .\CortexM3\ARM_GCC_541\Release\ADC_INT.o .\CortexM3\ARM_GCC_541\Release\BusPrincipal.o .\CortexM3\ARM_GCC_541\Release\BusPrincipal_BOOT.o .\CortexM3\ARM_GCC_541\Release\BusPrincipal_INT.o .\CortexM3\ARM_GCC_541\Release\BusPrincipal_PM.o .\CortexM3\ARM_GCC_541\Release\BusPrincipal_SLAVE.o .\CortexM3\ARM_GCC_541\Release\BusPrincipal_MASTER.o .\CortexM3\ARM_GCC_541\Release\DieTemp.o .\CortexM3\ARM_GCC_541\Release\SCL.o .\CortexM3\ARM_GCC_541\Release\SDA.o .\CortexM3\ARM_GCC_541\Release\RTC_EKIA.o .\CortexM3\ARM_GCC_541\Release\EEPROM.o .\CortexM3\ARM_GCC_541\Release\Clock_ADC.o .\CortexM3\ARM_GCC_541\Release\USBUART.o .\CortexM3\ARM_GCC_541\Release\USBUART_audio.o .\CortexM3\ARM_GCC_541\Release\USBUART_boot.o .\CortexM3\ARM_GCC_541\Release\USBUART_cdc.o .\CortexM3\ARM_GCC_541\Release\USBUART_cls.o .\CortexM3\ARM_GCC_541\Release\USBUART_descr.o .\CortexM3\ARM_GCC_541\Release\USBUART_drv.o .\CortexM3\ARM_GCC_541\Release\USBUART_episr.o .\CortexM3\ARM_GCC_541\Release\USBUART_hid.o .\CortexM3\ARM_GCC_541\Release\USBUART_pm.o .\CortexM3\ARM_GCC_541\Release\USBUART_std.o .\CortexM3\ARM_GCC_541\Release\USBUART_vnd.o .\CortexM3\ARM_GCC_541\Release\USBUART_midi.o .\CortexM3\ARM_GCC_541\Release\USBUART_msc.o .\CortexM3\ARM_GCC_541\Release\ADC_SAR.o .\CortexM3\ARM_GCC_541\Release\ADC_SAR_INT.o .\CortexM3\ARM_GCC_541\Release\ADC_SAR_PM.o .\CortexM3\ARM_GCC_541\Release\ADC_TempBuf_dma.o .\CortexM3\ARM_GCC_541\Release\ADC_FinalBuf_dma.o .\CortexM3\ARM_GCC_541\Release\ADC_IRQ.o .\CortexM3\ARM_GCC_541\Release\RTC_RTC.o .\CortexM3\ARM_GCC_541\Release\RTC_RTC_INT.o .\CortexM3\ARM_GCC_541\Release\USBUART_Dm.o .\CortexM3\ARM_GCC_541\Release\USBUART_Dp.o .\CortexM3\ARM_GCC_541\Release\cy_em_eeprom.o .\CortexM3\ARM_GCC_541\Release\CyDmac.o .\CortexM3\ARM_GCC_541\Release\CyFlash.o .\CortexM3\ARM_GCC_541\Release\CyLib.o .\CortexM3\ARM_GCC_541\Release\cyPm.o .\CortexM3\ARM_GCC_541\Release\CySpc.o .\CortexM3\ARM_GCC_541\Release\cyutils.o .\CortexM3\ARM_GCC_541\Release\Ultrasonido.o .\CortexM3\ARM_GCC_541\Release\entradaEcho.o .\CortexM3\ARM_GCC_541\Release\entradaEcho_PM.o .\CortexM3\ARM_GCC_541\Release\salidaTrigger.o .\CortexM3\ARM_GCC_541\Release\salidaTrigger_PM.o .\CortexM3\ARM_GCC_541\Release\Ultrasonido_Timer_Ultrasonido.o .\CortexM3\ARM_GCC_541\Release\Ultrasonido_Timer_Ultrasonido_PM.o .\CortexM3\ARM_GCC_541\Release\Ultrasonido_Control_Trigger.o .\CortexM3\ARM_GCC_541\Release\Ultrasonido_Control_Trigger_PM.o .\CortexM3\ARM_GCC_541\Release\isr_Peso.o .\CortexM3\ARM_GCC_541\Release\sensorPeso.o .\CortexM3\ARM_GCC_541\Release\sensorPeso_PM.o .\CortexM3\ARM_GCC_541\Release\Peso_CLK.o .\CortexM3\ARM_GCC_541\Release\Control_Reg.o .\CortexM3\ARM_GCC_541\Release\Control_Reg_PM.o .\CortexM3\ARM_GCC_541\Release\ContadorBitPeso.o .\CortexM3\ARM_GCC_541\Release\ContadorBitPeso_PM.o .\CortexM3\ARM_GCC_541\Release\Timer.o .\CortexM3\ARM_GCC_541\Release\Timer_PM.o .\CortexM3\ARM_GCC_541\Release\Peso_Data.o .\CortexM3\ARM_GCC_541\Release\Reloj_Gen.o .\CortexM3\ARM_GCC_541\Release\Clock_2.o .\CortexM3\ARM_GCC_541\Release\DHT21_2.o .\CortexM3\ARM_GCC_541\Release\DHT21_1.o .\CortexM3\ARM_GCC_541\Release\PWM_Motores.o .\CortexM3\ARM_GCC_541\Release\PWM_Motores_PM.o .\CortexM3\ARM_GCC_541\Release\PWM_LED.o .\CortexM3\ARM_GCC_541\Release\PWM_LED_PM.o .\CortexM3\ARM_GCC_541\Release\Motores.o .\CortexM3\ARM_GCC_541\Release\Motores_PM.o .\CortexM3\ARM_GCC_541\Release\llave.o .\CortexM3\ARM_GCC_541\Release\Puerta.o .\CortexM3\ARM_GCC_541\Release\Iluminacion.o .\CortexM3\ARM_GCC_541\Release\Refrigeracion.o .\CortexM3\ARM_GCC_541\Release\Bloqueo_Columna.o .\CortexM3\ARM_GCC_541\Release\Bloqueo_Columna_PM.o .\CortexM3\ARM_GCC_541\Release\Bloqueo_Fila.o .\CortexM3\ARM_GCC_541\Release\Bloqueo_Fila_PM.o .\CortexM3\ARM_GCC_541\Release\isr_Sensor2.o .\CortexM3\ARM_GCC_541\Release\Sensor_Canasta1.o .\CortexM3\ARM_GCC_541\Release\Sensor_Canasta2.o .\CortexM3\ARM_GCC_541\Release\isr_Sensor1.o .\CortexM3\ARM_GCC_541\Release\CyBootAsmGnu.o
arm-none-eabi-ar.exe: creating .\CortexM3\ARM_GCC_541\Release\Dispensador.a
arm-none-eabi-gcc.exe -Wl,--start-group -o C:\Users\Macbook\Workspace.psoc\EkiaDoroti\Dispensador.cydsn\CortexM3\ARM_GCC_541\Release\Dispensador.elf .\CortexM3\ARM_GCC_541\Release\port.o .\CortexM3\ARM_GCC_541\Release\heap.o .\CortexM3\ARM_GCC_541\Release\croutine.o .\CortexM3\ARM_GCC_541\Release\event_groups.o .\CortexM3\ARM_GCC_541\Release\list.o .\CortexM3\ARM_GCC_541\Release\queue.o .\CortexM3\ARM_GCC_541\Release\stream_buffer.o .\CortexM3\ARM_GCC_541\Release\tasks.o .\CortexM3\ARM_GCC_541\Release\timers.o .\CortexM3\ARM_GCC_541\Release\colas.o .\CortexM3\ARM_GCC_541\Release\semaforos.o .\CortexM3\ARM_GCC_541\Release\I2C.o .\CortexM3\ARM_GCC_541\Release\monitor.o .\CortexM3\ARM_GCC_541\Release\medidas.o .\CortexM3\ARM_GCC_541\Release\controles.o .\CortexM3\ARM_GCC_541\Release\hx711.o .\CortexM3\ARM_GCC_541\Release\puertoUSB.o .\CortexM3\ARM_GCC_541\Release\main.o .\CortexM3\ARM_GCC_541\Release\interpretador.o .\CortexM3\ARM_GCC_541\Release\cyfitter_cfg.o .\CortexM3\ARM_GCC_541\Release\cymetadata.o .\CortexM3\ARM_GCC_541\Release\Cm3Start.o .\CortexM3\ARM_GCC_541\Release\Dispensador.a "C:\Program Files (x86)\Cypress\PSoC Creator\4.2\PSoC Creator\psoc\content\cycomponentlibrary\CyComponentLibrary.cylib\CortexM3\ARM_GCC_541\Release\CyComponentLibrary.a" -mcpu=cortex-m3 -mthumb -l m -L Generated_Source\PSoC5 -Wl,-Map,.\CortexM3\ARM_GCC_541\Release/Dispensador.map -T Generated_Source\PSoC5\cm3gcc.ld -specs=nano.specs -u _printf_float -Wl,--gc-sections -g -ffunction-sections -Os -ffat-lto-objects -Wl,--end-group
cyelftool.exe -C C:\Users\Macbook\Workspace.psoc\EkiaDoroti\Dispensador.cydsn\CortexM3\ARM_GCC_541\Release\Dispensador.elf --flash_row_size 256 --flash_size 262144 --flash_offset 0x00000000
No ELF section .cychecksum found, creating one
Application checksum calculated and stored in ELF section .cychecksum
Checksum calculated and stored in ELF section .cymeta
cyelftool.exe -S C:\Users\Macbook\Workspace.psoc\EkiaDoroti\Dispensador.cydsn\CortexM3\ARM_GCC_541\Release\Dispensador.elf
Flash used: 43170 of 262144 bytes (16,5 %).
SRAM used: 56593 of 65536 bytes (86,4 %). Stack: 4608 bytes. Heap: 4608 bytes.
--------------- Build Succeeded: 02/23/2020 22:42:39 ---------------
