--------------- Clean Started: 08/22/2019 10:23:45 Project: Dispensador, Configuration: ARM GCC 5.4-2016-q2-update Release ---------------
Deleting file ".\CortexM3\ARM_GCC_541\Release\port.o"
Deleting file ".\CortexM3\ARM_GCC_541\Release\heap.o"
Deleting file ".\CortexM3\ARM_GCC_541\Release\croutine.o"
Deleting file ".\CortexM3\ARM_GCC_541\Release\event_groups.o"
Deleting file ".\CortexM3\ARM_GCC_541\Release\list.o"
Deleting file ".\CortexM3\ARM_GCC_541\Release\queue.o"
Deleting file ".\CortexM3\ARM_GCC_541\Release\stream_buffer.o"
Deleting file ".\CortexM3\ARM_GCC_541\Release\tasks.o"
Deleting file ".\CortexM3\ARM_GCC_541\Release\timers.o"
Deleting file ".\CortexM3\ARM_GCC_541\Release\colas.o"
Deleting file ".\CortexM3\ARM_GCC_541\Release\semaforos.o"
Deleting file ".\CortexM3\ARM_GCC_541\Release\I2C.o"
Deleting file ".\CortexM3\ARM_GCC_541\Release\monitor.o"
Deleting file ".\CortexM3\ARM_GCC_541\Release\medidas.o"
Deleting file ".\CortexM3\ARM_GCC_541\Release\controles.o"
Deleting file ".\CortexM3\ARM_GCC_541\Release\main.o"
Deleting file ".\CortexM3\ARM_GCC_541\Release\interpretador.o"
Deleting file ".\CortexM3\ARM_GCC_541\Release\cyfitter_cfg.o"
Deleting file ".\CortexM3\ARM_GCC_541\Release\cymetadata.o"
Deleting file ".\CortexM3\ARM_GCC_541\Release\CyScBoostClk.o"
Deleting file ".\CortexM3\ARM_GCC_541\Release\LED_DEBUG.o"
Deleting file ".\CortexM3\ARM_GCC_541\Release\LED.o"
Deleting file ".\CortexM3\ARM_GCC_541\Release\ADC.o"
Deleting file ".\CortexM3\ARM_GCC_541\Release\ADC_PM.o"
Deleting file ".\CortexM3\ARM_GCC_541\Release\ADC_INT.o"
Deleting file ".\CortexM3\ARM_GCC_541\Release\conteoTanques.o"
Deleting file ".\CortexM3\ARM_GCC_541\Release\Flujo_Tanques.o"
Deleting file ".\CortexM3\ARM_GCC_541\Release\Clock_Caudal.o"
Deleting file ".\CortexM3\ARM_GCC_541\Release\BusPrincipal.o"
Deleting file ".\CortexM3\ARM_GCC_541\Release\BusPrincipal_BOOT.o"
Deleting file ".\CortexM3\ARM_GCC_541\Release\BusPrincipal_INT.o"
Deleting file ".\CortexM3\ARM_GCC_541\Release\BusPrincipal_PM.o"
Deleting file ".\CortexM3\ARM_GCC_541\Release\BusPrincipal_SLAVE.o"
Deleting file ".\CortexM3\ARM_GCC_541\Release\BusPrincipal_MASTER.o"
Deleting file ".\CortexM3\ARM_GCC_541\Release\ValvulaGas.o"
Deleting file ".\CortexM3\ARM_GCC_541\Release\ValvulaCaliente.o"
Deleting file ".\CortexM3\ARM_GCC_541\Release\ValvulaFrio.o"
Deleting file ".\CortexM3\ARM_GCC_541\Release\Control_ValvSalidas.o"
Deleting file ".\CortexM3\ARM_GCC_541\Release\Control_ValvSalidas_PM.o"
Deleting file ".\CortexM3\ARM_GCC_541\Release\DieTemp.o"
Deleting file ".\CortexM3\ARM_GCC_541\Release\PWM_Servos.o"
Deleting file ".\CortexM3\ARM_GCC_541\Release\PWM_Servos_PM.o"
Deleting file ".\CortexM3\ARM_GCC_541\Release\Dispensador.o"
Deleting file ".\CortexM3\ARM_GCC_541\Release\sensorPuerta_4.o"
Deleting file ".\CortexM3\ARM_GCC_541\Release\PWM_Sensores.o"
Deleting file ".\CortexM3\ARM_GCC_541\Release\PWM_Sensores_PM.o"
Deleting file ".\CortexM3\ARM_GCC_541\Release\Clock_1.o"
Deleting file ".\CortexM3\ARM_GCC_541\Release\sensorPuerta_2.o"
Deleting file ".\CortexM3\ARM_GCC_541\Release\SCL.o"
Deleting file ".\CortexM3\ARM_GCC_541\Release\SDA.o"
Deleting file ".\CortexM3\ARM_GCC_541\Release\RTC_EKIA.o"
Deleting file ".\CortexM3\ARM_GCC_541\Release\EEPROM.o"
Deleting file ".\CortexM3\ARM_GCC_541\Release\sensorPuerta_3.o"
Deleting file ".\CortexM3\ARM_GCC_541\Release\sensorPuerta_1.o"
Deleting file ".\CortexM3\ARM_GCC_541\Release\Clock_ADC.o"
Deleting file ".\CortexM3\ARM_GCC_541\Release\conteoSalida.o"
Deleting file ".\CortexM3\ARM_GCC_541\Release\Flujo_Salida.o"
Deleting file ".\CortexM3\ARM_GCC_541\Release\Thermistor.o"
Deleting file ".\CortexM3\ARM_GCC_541\Release\USBUART.o"
Deleting file ".\CortexM3\ARM_GCC_541\Release\USBUART_audio.o"
Deleting file ".\CortexM3\ARM_GCC_541\Release\USBUART_boot.o"
Deleting file ".\CortexM3\ARM_GCC_541\Release\USBUART_cdc.o"
Deleting file ".\CortexM3\ARM_GCC_541\Release\USBUART_cls.o"
Deleting file ".\CortexM3\ARM_GCC_541\Release\USBUART_descr.o"
Deleting file ".\CortexM3\ARM_GCC_541\Release\USBUART_drv.o"
Deleting file ".\CortexM3\ARM_GCC_541\Release\USBUART_episr.o"
Deleting file ".\CortexM3\ARM_GCC_541\Release\USBUART_hid.o"
Deleting file ".\CortexM3\ARM_GCC_541\Release\USBUART_pm.o"
Deleting file ".\CortexM3\ARM_GCC_541\Release\USBUART_std.o"
Deleting file ".\CortexM3\ARM_GCC_541\Release\USBUART_vnd.o"
Deleting file ".\CortexM3\ARM_GCC_541\Release\USBUART_midi.o"
Deleting file ".\CortexM3\ARM_GCC_541\Release\USBUART_msc.o"
Deleting file ".\CortexM3\ARM_GCC_541\Release\PWM_Luz1.o"
Deleting file ".\CortexM3\ARM_GCC_541\Release\PWM_Luz1_PM.o"
Deleting file ".\CortexM3\ARM_GCC_541\Release\PWM_Luz2.o"
Deleting file ".\CortexM3\ARM_GCC_541\Release\PWM_Luz2_PM.o"
Deleting file ".\CortexM3\ARM_GCC_541\Release\Clock_PWM.o"
Deleting file ".\CortexM3\ARM_GCC_541\Release\L2.o"
Deleting file ".\CortexM3\ARM_GCC_541\Release\L4.o"
Deleting file ".\CortexM3\ARM_GCC_541\Release\L3.o"
Deleting file ".\CortexM3\ARM_GCC_541\Release\PWM_Vasos.o"
Deleting file ".\CortexM3\ARM_GCC_541\Release\PWM_Vasos_PM.o"
Deleting file ".\CortexM3\ARM_GCC_541\Release\L1.o"
Deleting file ".\CortexM3\ARM_GCC_541\Release\Bomba_2.o"
Deleting file ".\CortexM3\ARM_GCC_541\Release\Torreta.o"
Deleting file ".\CortexM3\ARM_GCC_541\Release\PWM_Bomba.o"
Deleting file ".\CortexM3\ARM_GCC_541\Release\PWM_Bomba_PM.o"
Deleting file ".\CortexM3\ARM_GCC_541\Release\ValvulaAuxiliar.o"
Deleting file ".\CortexM3\ARM_GCC_541\Release\ValvulaClima.o"
Deleting file ".\CortexM3\ARM_GCC_541\Release\ValvulaTanque4.o"
Deleting file ".\CortexM3\ARM_GCC_541\Release\Clock_Servos.o"
Deleting file ".\CortexM3\ARM_GCC_541\Release\CompuertaBoquilla.o"
Deleting file ".\CortexM3\ARM_GCC_541\Release\CompuertaVasos.o"
Deleting file ".\CortexM3\ARM_GCC_541\Release\ValvulaTanque3.o"
Deleting file ".\CortexM3\ARM_GCC_541\Release\ValvulaTanque2.o"
Deleting file ".\CortexM3\ARM_GCC_541\Release\Control_ValvTanques.o"
Deleting file ".\CortexM3\ARM_GCC_541\Release\Control_ValvTanques_PM.o"
Deleting file ".\CortexM3\ARM_GCC_541\Release\ValvulaTanque1.o"
Deleting file ".\CortexM3\ARM_GCC_541\Release\CalentadorRelevo.o"
Deleting file ".\CortexM3\ARM_GCC_541\Release\BombaAire2.o"
Deleting file ".\CortexM3\ARM_GCC_541\Release\PuertaSistemasPago.o"
Deleting file ".\CortexM3\ARM_GCC_541\Release\PuertaVasos.o"
Deleting file ".\CortexM3\ARM_GCC_541\Release\PuertaBodega.o"
Deleting file ".\CortexM3\ARM_GCC_541\Release\Gasificador.o"
Deleting file ".\CortexM3\ARM_GCC_541\Release\CaudalSalida.o"
Deleting file ".\CortexM3\ARM_GCC_541\Release\CaudalSalida_PM.o"
Deleting file ".\CortexM3\ARM_GCC_541\Release\CaudalTanques.o"
Deleting file ".\CortexM3\ARM_GCC_541\Release\CaudalTanques_PM.o"
Deleting file ".\CortexM3\ARM_GCC_541\Release\BombaAire1.o"
Deleting file ".\CortexM3\ARM_GCC_541\Release\Bomba_1.o"
Deleting file ".\CortexM3\ARM_GCC_541\Release\Control_Aire.o"
Deleting file ".\CortexM3\ARM_GCC_541\Release\Control_Aire_PM.o"
Deleting file ".\CortexM3\ARM_GCC_541\Release\BombaAire3.o"
Deleting file ".\CortexM3\ARM_GCC_541\Release\BombaAire4.o"
Deleting file ".\CortexM3\ARM_GCC_541\Release\Bomba_Vacio.o"
Deleting file ".\CortexM3\ARM_GCC_541\Release\ADC_SAR.o"
Deleting file ".\CortexM3\ARM_GCC_541\Release\ADC_SAR_INT.o"
Deleting file ".\CortexM3\ARM_GCC_541\Release\ADC_SAR_PM.o"
Deleting file ".\CortexM3\ARM_GCC_541\Release\ADC_TempBuf_dma.o"
Deleting file ".\CortexM3\ARM_GCC_541\Release\ADC_FinalBuf_dma.o"
Deleting file ".\CortexM3\ARM_GCC_541\Release\ADC_IRQ.o"
Deleting file ".\CortexM3\ARM_GCC_541\Release\RTC_RTC.o"
Deleting file ".\CortexM3\ARM_GCC_541\Release\RTC_RTC_INT.o"
Deleting file ".\CortexM3\ARM_GCC_541\Release\USBUART_Dm.o"
Deleting file ".\CortexM3\ARM_GCC_541\Release\USBUART_Dp.o"
Deleting file ".\CortexM3\ARM_GCC_541\Release\cy_em_eeprom.o"
Deleting file ".\CortexM3\ARM_GCC_541\Release\Cm3Start.o"
Deleting file ".\CortexM3\ARM_GCC_541\Release\CyBootAsmGnu.o"
Deleting file ".\CortexM3\ARM_GCC_541\Release\CyDmac.o"
Deleting file ".\CortexM3\ARM_GCC_541\Release\CyFlash.o"
Deleting file ".\CortexM3\ARM_GCC_541\Release\CyLib.o"
Deleting file ".\CortexM3\ARM_GCC_541\Release\cyPm.o"
Deleting file ".\CortexM3\ARM_GCC_541\Release\CySpc.o"
Deleting file ".\CortexM3\ARM_GCC_541\Release\cyutils.o"
Deleting file ".\CortexM3\ARM_GCC_541\Release\ValvulaSalida.o"
Deleting file ".\CortexM3\ARM_GCC_541\Release\Dispensador.hex"
Deleting file ".\CortexM3\ARM_GCC_541\Release\Dispensador.elf"
Deleting file ".\CortexM3\ARM_GCC_541\Release\Dispensador.map"
Deleting file ".\Dispensador.cycdx"
Deleting file ".\Dispensador.svd"
Deleting file ".\Dispensador.rpt"
Deleting file ".\Dispensador_timing.html"
Deleting file ".\CortexM3\ARM_GCC_541\Release\.deps\SOURCE_C__ARM_GCC_GENERIC.P"
Deleting file ".\CortexM3\ARM_GCC_541\Release\.deps\SOURCE_ASM__ARM_GCC_GENERIC.P"
--------------- Clean Succeeded: 08/22/2019 10:23:54 ---------------
