--------------- Rebuild Started: 02/09/2020 23:34:26 Project: Dispensador, Configuration: ARM GCC 5.4-2016-q2-update Release ---------------
Deleting file ".\CortexM3\ARM_GCC_541\Release\port.o"
Deleting file ".\CortexM3\ARM_GCC_541\Release\heap.o"
Deleting file ".\CortexM3\ARM_GCC_541\Release\croutine.o"
Deleting file ".\CortexM3\ARM_GCC_541\Release\event_groups.o"
Deleting file ".\CortexM3\ARM_GCC_541\Release\list.o"
Deleting file ".\CortexM3\ARM_GCC_541\Release\queue.o"
Deleting file ".\CortexM3\ARM_GCC_541\Release\stream_buffer.o"
Deleting file ".\CortexM3\ARM_GCC_541\Release\tasks.o"
Deleting file ".\CortexM3\ARM_GCC_541\Release\timers.o"
Deleting file ".\CortexM3\ARM_GCC_541\Release\colas.o"
Deleting file ".\Dispensador.rpt"
Deleting file ".\Dispensador_timing.html"
cydsfit.exe -.appdatapath "C:\Users\Macbook\AppData\Local\Cypress Semiconductor\PSoC Creator\4.2" -.fdsnotice -.fdswarpdepfile=warp_dependencies.txt -.fdselabdepfile=elab_dependencies.txt -.fdsbldfile=generated_files.txt -.fdsreffile=referenced_files.txt -p C:\Users\Macbook\Workspace.psoc\EkiaDoroti\Dispensador.cydsn\Dispensador.cyprj -d CY8C5287AXI-LP095 -s C:\Users\Macbook\Workspace.psoc\EkiaDoroti\Dispensador.cydsn\Generated_Source\PSoC5 -- -yv2 -q10 -yga -o2 -v3 -.fftcfgtype=LE
Elaborating Design...
ADD: sdb.M0065: information: Analog terminal "vdac_ref" on ADC_SAR_SEQ_v2_0 is unconnected.
 * C:\Program Files (x86)\Cypress\PSoC Creator\4.2\PSoC Creator\psoc\content\CyComponentLibrary\CyComponentLibrary.cylib\ADC_SAR_SEQ_v2_0\PSoC5\ADC_SAR_SEQ_v2_0.cysch (Signal: vdac_ref)
 * C:\Program Files (x86)\Cypress\PSoC Creator\4.2\PSoC Creator\psoc\content\CyComponentLibrary\CyComponentLibrary.cylib\ADC_SAR_SEQ_v2_0\PSoC5\ADC_SAR_SEQ_v2_0.cysch (Shape_798)
 * C:\Program Files (x86)\Cypress\PSoC Creator\4.2\PSoC Creator\psoc\content\CyComponentLibrary\CyComponentLibrary.cylib\ADC_SAR_SEQ_v2_0\PSoC5\ADC_SAR_SEQ_v2_0.cysch (Shape_885)
HDL Generation...
Synthesis...
Tech Mapping...
ADD: pft.M0040: information: The following 2 pin(s) will be assigned a location by the fitter: Puerta(0), Refrigeracion(0)
Info: plm.M0038: The pin named BloqueoFila(3) at location P12[4] prevents usage of special purposes: I2C:SCL. (App=cydsfit)
Info: plm.M0038: The pin named bandeja(1) at location P12[0] prevents usage of special purposes: I2C:SCL. (App=cydsfit)
Analog Placement...
Info: apr.M0002: Analog signal "Net_2297" is connected to one terminal only. (App=cydsfit)
Info: apr.M0002: Analog signal "Net_2480" is connected to one terminal only. (App=cydsfit)
Info: apr.M0002: Analog signal "Net_2481" is connected to one terminal only. (App=cydsfit)
Info: apr.M0002: Analog signal "Net_2300" is connected to one terminal only. (App=cydsfit)
Info: apr.M0002: Analog signal "Net_2301" is connected to one terminal only. (App=cydsfit)
Info: apr.M0002: Analog signal "Net_2303" is connected to one terminal only. (App=cydsfit)
Info: apr.M0002: Analog signal "Net_2305" is connected to one terminal only. (App=cydsfit)
Info: apr.M0002: Analog signal "Net_2306" is connected to one terminal only. (App=cydsfit)
Info: apr.M0002: Analog signal "Net_2308" is connected to one terminal only. (App=cydsfit)
Info: apr.M0002: Analog signal "Net_2310" is connected to one terminal only. (App=cydsfit)
Info: apr.M0002: Analog signal "Net_2311" is connected to one terminal only. (App=cydsfit)
Info: apr.M0002: Analog signal "Net_2313" is connected to one terminal only. (App=cydsfit)
Info: apr.M0002: Analog signal "Net_2315" is connected to one terminal only. (App=cydsfit)
Info: apr.M0002: Analog signal "Net_2316" is connected to one terminal only. (App=cydsfit)
Info: apr.M0002: Analog signal "Net_2318" is connected to one terminal only. (App=cydsfit)
Info: apr.M0002: Analog signal "Net_2320" is connected to one terminal only. (App=cydsfit)
Info: apr.M0002: Analog signal "Net_2321" is connected to one terminal only. (App=cydsfit)
Info: apr.M0002: Analog signal "Net_2323" is connected to one terminal only. (App=cydsfit)
Info: apr.M0002: Analog signal "Net_2325" is connected to one terminal only. (App=cydsfit)
Info: apr.M0002: Analog signal "Net_2326" is connected to one terminal only. (App=cydsfit)
Info: apr.M0002: Analog signal "Net_2328" is connected to one terminal only. (App=cydsfit)
Info: apr.M0002: Analog signal "Net_2330" is connected to one terminal only. (App=cydsfit)
Info: apr.M0002: Analog signal "Net_2331" is connected to one terminal only. (App=cydsfit)
Info: apr.M0002: Analog signal "Net_2333" is connected to one terminal only. (App=cydsfit)
Info: apr.M0002: Analog signal "Net_2335" is connected to one terminal only. (App=cydsfit)
Info: apr.M0002: Analog signal "Net_2336" is connected to one terminal only. (App=cydsfit)
Info: apr.M0002: Analog signal "Net_2338" is connected to one terminal only. (App=cydsfit)
Info: apr.M0002: Analog signal "Net_2340" is connected to one terminal only. (App=cydsfit)
Info: apr.M0002: Analog signal "Net_2341" is connected to one terminal only. (App=cydsfit)
Info: apr.M0002: Analog signal "Net_2343" is connected to one terminal only. (App=cydsfit)
Info: apr.M0002: Analog signal "Net_2345" is connected to one terminal only. (App=cydsfit)
Info: apr.M0002: Analog signal "Net_2346" is connected to one terminal only. (App=cydsfit)
Info: apr.M0002: Analog signal "Net_2348" is connected to one terminal only. (App=cydsfit)
Info: apr.M0002: Analog signal "Net_2350" is connected to one terminal only. (App=cydsfit)
Info: apr.M0002: Analog signal "Net_2351" is connected to one terminal only. (App=cydsfit)
Info: apr.M0002: Analog signal "Net_2353" is connected to one terminal only. (App=cydsfit)
Info: apr.M0002: Analog signal "Net_2355" is connected to one terminal only. (App=cydsfit)
Info: apr.M0002: Analog signal "Net_2356" is connected to one terminal only. (App=cydsfit)
Info: apr.M0002: Analog signal "Net_2358" is connected to one terminal only. (App=cydsfit)
Info: apr.M0002: Analog signal "Net_2360" is connected to one terminal only. (App=cydsfit)
Info: apr.M0002: Analog signal "Net_2361" is connected to one terminal only. (App=cydsfit)
Info: apr.M0002: Analog signal "Net_2363" is connected to one terminal only. (App=cydsfit)
Info: apr.M0002: Analog signal "Net_2365" is connected to one terminal only. (App=cydsfit)
Info: apr.M0002: Analog signal "Net_2366" is connected to one terminal only. (App=cydsfit)
Info: apr.M0002: Analog signal "Net_2368" is connected to one terminal only. (App=cydsfit)
Info: apr.M0002: Analog signal "Net_2370" is connected to one terminal only. (App=cydsfit)
Info: apr.M0002: Analog signal "Net_2371" is connected to one terminal only. (App=cydsfit)
Info: apr.M0002: Analog signal "Net_2372" is connected to one terminal only. (App=cydsfit)
Info: apr.M0002: Analog signal "Net_2373" is connected to one terminal only. (App=cydsfit)
Info: apr.M0002: Analog signal "Net_2374" is connected to one terminal only. (App=cydsfit)
Info: apr.M0002: Analog signal "Net_2375" is connected to one terminal only. (App=cydsfit)
Info: apr.M0002: Analog signal "Net_2376" is connected to one terminal only. (App=cydsfit)
Info: apr.M0002: Analog signal "Net_2377" is connected to one terminal only. (App=cydsfit)
Info: apr.M0002: Analog signal "Net_2378" is connected to one terminal only. (App=cydsfit)
Info: apr.M0002: Analog signal "Net_2379" is connected to one terminal only. (App=cydsfit)
Info: apr.M0002: Analog signal "Net_2380" is connected to one terminal only. (App=cydsfit)
Info: apr.M0002: Analog signal "Net_2381" is connected to one terminal only. (App=cydsfit)
Info: apr.M0002: Analog signal "Net_2382" is connected to one terminal only. (App=cydsfit)
Info: apr.M0002: Analog signal "Net_2383" is connected to one terminal only. (App=cydsfit)
Info: apr.M0002: Analog signal "Net_2384" is connected to one terminal only. (App=cydsfit)
Info: apr.M0002: Analog signal "Net_2385" is connected to one terminal only. (App=cydsfit)
Info: apr.M0002: Analog signal "Net_2386" is connected to one terminal only. (App=cydsfit)
Analog Routing...
Analog Code Generation...
Digital Placement...
Warning: sta.M0019: Dispensador.rpt: Warning-1361: The design contains a combinational loop. Check the design for unintentional latches. Breaking the loop at Net_2631/main_0 --> Net_2631/q  (File=C:\Users\Macbook\Workspace.psoc\EkiaDoroti\Dispensador.cydsn\Dispensador.rpt)
Digital Routing...
Bitstream Generation...
Bitstream Verification...
Static timing analysis...
Warning: sta.M0019: Dispensador.rpt: Warning-1361: The design contains a combinational loop. Check the design for unintentional latches. Breaking the loop at Net_2631/main_0 --> Net_2631/q  (File=C:\Users\Macbook\Workspace.psoc\EkiaDoroti\Dispensador.cydsn\Dispensador.rpt)
Warning: sta.M0021: Dispensador_timing.html: Warning-1350: Asynchronous path(s) exist from "ClockBlock/dclk_glb_ff_4" to "contadorBit". See the timing report for details. (File=C:\Users\Macbook\Workspace.psoc\EkiaDoroti\Dispensador.cydsn\Dispensador_timing.html)
Warning: sta.M0021: Dispensador_timing.html: Warning-1350: Asynchronous path(s) exist from "ClockBlock/dclk_glb_ff_4" to "CyBUS_CLK". See the timing report for details. (File=C:\Users\Macbook\Workspace.psoc\EkiaDoroti\Dispensador.cydsn\Dispensador_timing.html)
Warning: sta.M0019: Dispensador_timing.html: Warning-1366: Setup time violation found in a path from clock ( CyBUS_CLK ) to clock ( CyBUS_CLK ). (File=C:\Users\Macbook\Workspace.psoc\EkiaDoroti\Dispensador.cydsn\Dispensador_timing.html)
Warning: sta.M0019: Dispensador_timing.html: Warning-1366: Setup time violation found in a path from clock ( contadorBit ) to clock ( CyBUS_CLK ). (File=C:\Users\Macbook\Workspace.psoc\EkiaDoroti\Dispensador.cydsn\Dispensador_timing.html)
Warning: sta.M0019: Dispensador_timing.html: Warning-1366: Setup time violation found in a path from clock ( Reloj_Alta ) to clock ( CyBUS_CLK ). (File=C:\Users\Macbook\Workspace.psoc\EkiaDoroti\Dispensador.cydsn\Dispensador_timing.html)
Warning: sta.M0019: Dispensador_timing.html: Warning-1366: Setup time violation found in a path from clock ( Reloj_Alta ) to clock ( contadorBit ). (File=C:\Users\Macbook\Workspace.psoc\EkiaDoroti\Dispensador.cydsn\Dispensador_timing.html)
Warning: sta.M0019: Dispensador_timing.html: Warning-1366: Setup time violation found in a path from clock ( Clock_2 ) to clock ( CyBUS_CLK ). (File=C:\Users\Macbook\Workspace.psoc\EkiaDoroti\Dispensador.cydsn\Dispensador_timing.html)
Warning: sta.M0019: Dispensador_timing.html: Warning-1366: Setup time violation found in a path from clock ( Clock_2 ) to clock ( contadorBit ). (File=C:\Users\Macbook\Workspace.psoc\EkiaDoroti\Dispensador.cydsn\Dispensador_timing.html)
API Generation...
Dependency Generation...
Cleanup...
arm-none-eabi-gcc.exe -mcpu=cortex-m3 -mthumb -I..\FreeRTOS\Source\include -I..\FreeRTOS\Source\portable\GCC-CM3 -I. -IGenerated_Source\PSoC5 -Wa,-alh=.\CortexM3\ARM_GCC_541\Release/port.lst -g -D NDEBUG -D CY_CORE_ID=0 -Wall -ffunction-sections -ffat-lto-objects -Os -c ..\FreeRTOS\Source\portable\GCC-CM3\port.c -o .\CortexM3\ARM_GCC_541\Release\port.o
arm-none-eabi-gcc.exe -mcpu=cortex-m3 -mthumb -I..\FreeRTOS\Source\include -I..\FreeRTOS\Source\portable\GCC-CM3 -I. -IGenerated_Source\PSoC5 -Wa,-alh=.\CortexM3\ARM_GCC_541\Release/heap.lst -g -D NDEBUG -D CY_CORE_ID=0 -Wall -ffunction-sections -ffat-lto-objects -Os -c ..\FreeRTOS\Source\portable\MemMang\heap.c -o .\CortexM3\ARM_GCC_541\Release\heap.o
arm-none-eabi-gcc.exe -mcpu=cortex-m3 -mthumb -I..\FreeRTOS\Source\include -I..\FreeRTOS\Source\portable\GCC-CM3 -I. -IGenerated_Source\PSoC5 -Wa,-alh=.\CortexM3\ARM_GCC_541\Release/croutine.lst -g -D NDEBUG -D CY_CORE_ID=0 -Wall -ffunction-sections -ffat-lto-objects -Os -c ..\FreeRTOS\Source\croutine.c -o .\CortexM3\ARM_GCC_541\Release\croutine.o
arm-none-eabi-gcc.exe -mcpu=cortex-m3 -mthumb -I..\FreeRTOS\Source\include -I..\FreeRTOS\Source\portable\GCC-CM3 -I. -IGenerated_Source\PSoC5 -Wa,-alh=.\CortexM3\ARM_GCC_541\Release/event_groups.lst -g -D NDEBUG -D CY_CORE_ID=0 -Wall -ffunction-sections -ffat-lto-objects -Os -c ..\FreeRTOS\Source\event_groups.c -o .\CortexM3\ARM_GCC_541\Release\event_groups.o
arm-none-eabi-gcc.exe -mcpu=cortex-m3 -mthumb -I..\FreeRTOS\Source\include -I..\FreeRTOS\Source\portable\GCC-CM3 -I. -IGenerated_Source\PSoC5 -Wa,-alh=.\CortexM3\ARM_GCC_541\Release/list.lst -g -D NDEBUG -D CY_CORE_ID=0 -Wall -ffunction-sections -ffat-lto-objects -Os -c ..\FreeRTOS\Source\list.c -o .\CortexM3\ARM_GCC_541\Release\list.o
arm-none-eabi-gcc.exe -mcpu=cortex-m3 -mthumb -I..\FreeRTOS\Source\include -I..\FreeRTOS\Source\portable\GCC-CM3 -I. -IGenerated_Source\PSoC5 -Wa,-alh=.\CortexM3\ARM_GCC_541\Release/queue.lst -g -D NDEBUG -D CY_CORE_ID=0 -Wall -ffunction-sections -ffat-lto-objects -Os -c ..\FreeRTOS\Source\queue.c -o .\CortexM3\ARM_GCC_541\Release\queue.o
arm-none-eabi-gcc.exe -mcpu=cortex-m3 -mthumb -I..\FreeRTOS\Source\include -I..\FreeRTOS\Source\portable\GCC-CM3 -I. -IGenerated_Source\PSoC5 -Wa,-alh=.\CortexM3\ARM_GCC_541\Release/stream_buffer.lst -g -D NDEBUG -D CY_CORE_ID=0 -Wall -ffunction-sections -ffat-lto-objects -Os -c ..\FreeRTOS\Source\stream_buffer.c -o .\CortexM3\ARM_GCC_541\Release\stream_buffer.o
arm-none-eabi-gcc.exe -mcpu=cortex-m3 -mthumb -I..\FreeRTOS\Source\include -I..\FreeRTOS\Source\portable\GCC-CM3 -I. -IGenerated_Source\PSoC5 -Wa,-alh=.\CortexM3\ARM_GCC_541\Release/tasks.lst -g -D NDEBUG -D CY_CORE_ID=0 -Wall -ffunction-sections -ffat-lto-objects -Os -c ..\FreeRTOS\Source\tasks.c -o .\CortexM3\ARM_GCC_541\Release\tasks.o
arm-none-eabi-gcc.exe -mcpu=cortex-m3 -mthumb -I..\FreeRTOS\Source\include -I..\FreeRTOS\Source\portable\GCC-CM3 -I. -IGenerated_Source\PSoC5 -Wa,-alh=.\CortexM3\ARM_GCC_541\Release/timers.lst -g -D NDEBUG -D CY_CORE_ID=0 -Wall -ffunction-sections -ffat-lto-objects -Os -c ..\FreeRTOS\Source\timers.c -o .\CortexM3\ARM_GCC_541\Release\timers.o
arm-none-eabi-gcc.exe -mcpu=cortex-m3 -mthumb -I..\FreeRTOS\Source\include -I..\FreeRTOS\Source\portable\GCC-CM3 -I. -IGenerated_Source\PSoC5 -Wa,-alh=.\CortexM3\ARM_GCC_541\Release/colas.lst -g -D NDEBUG -D CY_CORE_ID=0 -Wall -ffunction-sections -ffat-lto-objects -Os -c colas.c -o .\CortexM3\ARM_GCC_541\Release\colas.o
arm-none-eabi-gcc.exe -mcpu=cortex-m3 -mthumb -I..\FreeRTOS\Source\include -I..\FreeRTOS\Source\portable\GCC-CM3 -I. -IGenerated_Source\PSoC5 -Wa,-alh=.\CortexM3\ARM_GCC_541\Release/semaforos.lst -g -D NDEBUG -D CY_CORE_ID=0 -Wall -ffunction-sections -ffat-lto-objects -Os -c semaforos.c -o .\CortexM3\ARM_GCC_541\Release\semaforos.o
arm-none-eabi-gcc.exe -mcpu=cortex-m3 -mthumb -I..\FreeRTOS\Source\include -I..\FreeRTOS\Source\portable\GCC-CM3 -I. -IGenerated_Source\PSoC5 -Wa,-alh=.\CortexM3\ARM_GCC_541\Release/I2C.lst -g -D NDEBUG -D CY_CORE_ID=0 -Wall -ffunction-sections -ffat-lto-objects -Os -c I2C.c -o .\CortexM3\ARM_GCC_541\Release\I2C.o
arm-none-eabi-gcc.exe -mcpu=cortex-m3 -mthumb -I..\FreeRTOS\Source\include -I..\FreeRTOS\Source\portable\GCC-CM3 -I. -IGenerated_Source\PSoC5 -Wa,-alh=.\CortexM3\ARM_GCC_541\Release/monitor.lst -g -D NDEBUG -D CY_CORE_ID=0 -Wall -ffunction-sections -ffat-lto-objects -Os -c monitor.c -o .\CortexM3\ARM_GCC_541\Release\monitor.o
monitor.c: In function 'monitoreo':
monitor.c:40:9: warning: unused variable 'tiempo' [-Wunused-variable]
     int tiempo = 0;
         ^
monitor.c:39:11: warning: unused variable 'cargaInicial' [-Wunused-variable]
     CYBIT cargaInicial = pdFALSE;
           ^
arm-none-eabi-gcc.exe -mcpu=cortex-m3 -mthumb -I..\FreeRTOS\Source\include -I..\FreeRTOS\Source\portable\GCC-CM3 -I. -IGenerated_Source\PSoC5 -Wa,-alh=.\CortexM3\ARM_GCC_541\Release/medidas.lst -g -D NDEBUG -D CY_CORE_ID=0 -Wall -ffunction-sections -ffat-lto-objects -Os -c medidas.c -o .\CortexM3\ARM_GCC_541\Release\medidas.o
arm-none-eabi-gcc.exe -mcpu=cortex-m3 -mthumb -I..\FreeRTOS\Source\include -I..\FreeRTOS\Source\portable\GCC-CM3 -I. -IGenerated_Source\PSoC5 -Wa,-alh=.\CortexM3\ARM_GCC_541\Release/controles.lst -g -D NDEBUG -D CY_CORE_ID=0 -Wall -ffunction-sections -ffat-lto-objects -Os -c controles.c -o .\CortexM3\ARM_GCC_541\Release\controles.o
controles.c: In function 'activarMotor':
controles.c:74:23: error: 'sensor' undeclared (first use in this function)
     uint8 trigger = ((sensor-1)%NUMERO_PRODUCTOS_BANDEJA)+1;
                       ^
controles.c:74:23: note: each undeclared identifier is reported only once for each function it appears in
controles.c:81:13: warning: implicit declaration of function 'BusPrincipal_I2CSlaveStatus' [-Wimplicit-function-declaration]
         if (BusPrincipal_I2CSlaveStatus() & BusPrincipal_I2C_SSTAT_RD_CMPLT){
             ^
controles.c:81:45: error: 'BusPrincipal_I2C_SSTAT_RD_CMPLT' undeclared (first use in this function)
         if (BusPrincipal_I2CSlaveStatus() & BusPrincipal_I2C_SSTAT_RD_CMPLT){
                                             ^
controles.c:82:13: warning: implicit declaration of function 'BusPrincipal_I2CSlaveClearReadBuf' [-Wimplicit-function-declaration]
             BusPrincipal_I2CSlaveClearReadBuf();
             ^
controles.c:83:20: warning: implicit declaration of function 'BusPrincipal_I2CSlaveClearReadStatus' [-Wimplicit-function-declaration]
             (void) BusPrincipal_I2CSlaveClearReadStatus();
                    ^
controles.c:118:17: error: 'buffer_Lectura' undeclared (first use in this function)
                 buffer_Lectura[PAQUETE_ESTADO_POS] = CMD_ESPERA;
                 ^
controles.c:118:32: error: 'PAQUETE_ESTADO_POS' undeclared (first use in this function)
                 buffer_Lectura[PAQUETE_ESTADO_POS] = CMD_ESPERA;
                                ^
controles.c:118:54: error: 'CMD_ESPERA' undeclared (first use in this function)
                 buffer_Lectura[PAQUETE_ESTADO_POS] = CMD_ESPERA;
                                                      ^
controles.c:119:32: error: 'PAQUETE_WR_FIN_POS' undeclared (first use in this function)
                 buffer_Lectura[PAQUETE_WR_FIN_POS] = PAQUETE_FIN;
                                ^
controles.c:119:54: error: 'PAQUETE_FIN' undeclared (first use in this function)
                 buffer_Lectura[PAQUETE_WR_FIN_POS] = PAQUETE_FIN;
                                                      ^
controles.c:128:28: error: 'FALSE' undeclared (first use in this function)
         producto_Entregado=FALSE;
                            ^
controles.c:129:42: error: 'prueba' undeclared (first use in this function)
         while((tiempo<T_ESPERA_CAIDA)&&(!prueba)){
                                          ^
controles.c:138:20: error: 'puertaAbierta1' undeclared (first use in this function)
                 if(puertaAbierta1||puertaAbierta2){
                    ^
controles.c:138:36: error: 'puertaAbierta2' undeclared (first use in this function)
                 if(puertaAbierta1||puertaAbierta2){
                                    ^
controles.c:143:26: warning: implicit declaration of function 'leerSensorPeso' [-Wimplicit-function-declaration]
                 medida = leerSensorPeso();
                          ^
controles.c:144:28: warning: implicit declaration of function 'leerPesoMinimo' [-Wimplicit-function-declaration]
                 if(medida>=leerPesoMinimo()){
                            ^
controles.c:151:40: error: 'TRUE' undeclared (first use in this function)
                     producto_Entregado=TRUE; //el movimiento finalizó correctamente 
                                        ^
controles.c:74:11: warning: unused variable 'trigger' [-Wunused-variable]
     uint8 trigger = ((sensor-1)%NUMERO_PRODUCTOS_BANDEJA)+1;
           ^
controles.c:73:11: warning: unused variable 'echo' [-Wunused-variable]
     uint8 echo = ((motor-1)/NUMERO_PRODUCTOS_BANDEJA)+1;
           ^
The command 'arm-none-eabi-gcc.exe' failed with exit code '1'.
--------------- Rebuild Failed: 02/09/2020 23:38:35 ---------------
