--------------- Build Started: 08/24/2023 23:45:49 Project: Principal, Configuration: ARM GCC 5.4-2016-q2-update Debug ---------------
The code generation step is up to date.
arm-none-eabi-gcc.exe -mcpu=cortex-m3 -mthumb -I..\FreeRTOS\Source\include -I..\FreeRTOS\Source\portable\GCC-CM3 -I.\emFile_V322c\Code\Include\PSoC5\emf32OS -I.\emFile_V322c\Code\Include\PSoC5 -I. -IGenerated_Source\PSoC5 -Wa,-alh=.\CortexM3\ARM_GCC_541\Debug/interface.lst -g -D DEBUG -Wall -ffunction-sections -ffat-lto-objects -Og -c interface.c -o .\CortexM3\ARM_GCC_541\Debug\interface.o
In file included from interface.c:41:0:
colas.h:69:0: warning: "DEBUG" redefined
 #define DEBUG(constString/*, statusCode*/) (SendToDebugPrintTask(         \
 ^
<command-line>:0:0: note: this is the location of the previous definition
In file included from interface.c:56:0:
I2C.h:29:0: warning: "COMANDO_ERROR" redefined
 #define COMANDO_ERROR           (11)
 ^
In file included from interface.c:39:0:
Telemetria.h:112:0: note: this is the location of the previous definition
 #define COMANDO_ERROR           (2)     
 ^
interface.c: In function 'principal':
interface.c:4511:22: warning: unused variable 'respuestaLector' [-Wunused-variable]
     xRespuestaLector respuestaLector;
                      ^
interface.c:4510:19: warning: unused variable 'autorizacion' [-Wunused-variable]
     xAutorizacion autorizacion;
                   ^
interface.c: In function 'dispensar':
interface.c:1336:31: warning: 'precioTemp' is used uninitialized in this function [-Wuninitialized]
     productoSolicitado.precio = precioTemp;
                               ^
arm-none-eabi-ar.exe -rs .\CortexM3\ARM_GCC_541\Debug\Principal.a .\CortexM3\ARM_GCC_541\Debug\CydwClock_1.o .\CortexM3\ARM_GCC_541\Debug\LED_USB.o .\CortexM3\ARM_GCC_541\Debug\SIM_ON_1.o .\CortexM3\ARM_GCC_541\Debug\PWM_Led.o .\CortexM3\ARM_GCC_541\Debug\PWM_Led_PM.o .\CortexM3\ARM_GCC_541\Debug\LED_DEBUG.o .\CortexM3\ARM_GCC_541\Debug\LED_ERROR.o .\CortexM3\ARM_GCC_541\Debug\SIM_ON_2.o .\CortexM3\ARM_GCC_541\Debug\Ventilador.o .\CortexM3\ARM_GCC_541\Debug\NRF_ON.o .\CortexM3\ARM_GCC_541\Debug\NFC_ON.o .\CortexM3\ARM_GCC_541\Debug\ADC_Vending.o .\CortexM3\ARM_GCC_541\Debug\ADC_Vending_INT.o .\CortexM3\ARM_GCC_541\Debug\ADC_Vending_PM.o .\CortexM3\ARM_GCC_541\Debug\VtagUSB.o .\CortexM3\ARM_GCC_541\Debug\SIM_PinReset.o .\CortexM3\ARM_GCC_541\Debug\BusPrincipal.o .\CortexM3\ARM_GCC_541\Debug\BusPrincipal_BOOT.o .\CortexM3\ARM_GCC_541\Debug\BusPrincipal_INT.o .\CortexM3\ARM_GCC_541\Debug\BusPrincipal_PM.o .\CortexM3\ARM_GCC_541\Debug\BusPrincipal_SLAVE.o .\CortexM3\ARM_GCC_541\Debug\BusPrincipal_MASTER.o .\CortexM3\ARM_GCC_541\Debug\Bus_SCL.o .\CortexM3\ARM_GCC_541\Debug\Bus_SDA.o .\CortexM3\ARM_GCC_541\Debug\FINGER.o .\CortexM3\ARM_GCC_541\Debug\FINGER_PM.o .\CortexM3\ARM_GCC_541\Debug\FINGER_INT.o .\CortexM3\ARM_GCC_541\Debug\FINGER_BOOT.o .\CortexM3\ARM_GCC_541\Debug\EEPROM.o .\CortexM3\ARM_GCC_541\Debug\LED_SD.o .\CortexM3\ARM_GCC_541\Debug\memoriaSD_ConfigMMC_SPI.o .\CortexM3\ARM_GCC_541\Debug\memoriaSD_MMC_HW_SPI.o .\CortexM3\ARM_GCC_541\Debug\memoriaSD_PM.o .\CortexM3\ARM_GCC_541\Debug\Clock_lento.o .\CortexM3\ARM_GCC_541\Debug\RGB_Green.o .\CortexM3\ARM_GCC_541\Debug\RGB_Red.o .\CortexM3\ARM_GCC_541\Debug\RGB_Blue.o .\CortexM3\ARM_GCC_541\Debug\SDIn.o .\CortexM3\ARM_GCC_541\Debug\HMI.o .\CortexM3\ARM_GCC_541\Debug\Clock_variable.o .\CortexM3\ARM_GCC_541\Debug\USBUART.o .\CortexM3\ARM_GCC_541\Debug\USBUART_audio.o .\CortexM3\ARM_GCC_541\Debug\USBUART_boot.o .\CortexM3\ARM_GCC_541\Debug\USBUART_cdc.o .\CortexM3\ARM_GCC_541\Debug\USBUART_cls.o .\CortexM3\ARM_GCC_541\Debug\USBUART_descr.o .\CortexM3\ARM_GCC_541\Debug\USBUART_drv.o .\CortexM3\ARM_GCC_541\Debug\USBUART_episr.o .\CortexM3\ARM_GCC_541\Debug\USBUART_hid.o .\CortexM3\ARM_GCC_541\Debug\USBUART_pm.o .\CortexM3\ARM_GCC_541\Debug\USBUART_std.o .\CortexM3\ARM_GCC_541\Debug\USBUART_vnd.o .\CortexM3\ARM_GCC_541\Debug\USBUART_midi.o .\CortexM3\ARM_GCC_541\Debug\USBUART_msc.o .\CortexM3\ARM_GCC_541\Debug\MDB_monedero.o .\CortexM3\ARM_GCC_541\Debug\MDB_billetero.o .\CortexM3\ARM_GCC_541\Debug\MDB.o .\CortexM3\ARM_GCC_541\Debug\RTC_EKIA.o .\CortexM3\ARM_GCC_541\Debug\Clock_2.o .\CortexM3\ARM_GCC_541\Debug\AUDIO.o .\CortexM3\ARM_GCC_541\Debug\BuzzerPWM.o .\CortexM3\ARM_GCC_541\Debug\BuzzerPWM_PM.o .\CortexM3\ARM_GCC_541\Debug\Clock_3.o .\CortexM3\ARM_GCC_541\Debug\Bootloadable.o .\CortexM3\ARM_GCC_541\Debug\SIM800L.o .\CortexM3\ARM_GCC_541\Debug\SIM800L_MQTT.o .\CortexM3\ARM_GCC_541\Debug\Finger_Out.o .\CortexM3\ARM_GCC_541\Debug\Finger_In.o .\CortexM3\ARM_GCC_541\Debug\ADC_Vending_IRQ.o .\CortexM3\ARM_GCC_541\Debug\memoriaSD_SPI0.o .\CortexM3\ARM_GCC_541\Debug\memoriaSD_SPI0_PM.o .\CortexM3\ARM_GCC_541\Debug\memoriaSD_SPI0_INT.o .\CortexM3\ARM_GCC_541\Debug\memoriaSD_mosi0.o .\CortexM3\ARM_GCC_541\Debug\memoriaSD_Clock_1.o .\CortexM3\ARM_GCC_541\Debug\memoriaSD_miso0.o .\CortexM3\ARM_GCC_541\Debug\memoriaSD_sclk0.o .\CortexM3\ARM_GCC_541\Debug\memoriaSD_SPI0_CS.o .\CortexM3\ARM_GCC_541\Debug\HMI_UART.o .\CortexM3\ARM_GCC_541\Debug\HMI_UART_PM.o .\CortexM3\ARM_GCC_541\Debug\HMI_UART_INT.o .\CortexM3\ARM_GCC_541\Debug\HMI_UART_BOOT.o .\CortexM3\ARM_GCC_541\Debug\USBUART_ep3_dma.o .\CortexM3\ARM_GCC_541\Debug\USBUART_ep2_dma.o .\CortexM3\ARM_GCC_541\Debug\USBUART_ep1_dma.o .\CortexM3\ARM_GCC_541\Debug\USBUART_Dm.o .\CortexM3\ARM_GCC_541\Debug\USBUART_Dp.o .\CortexM3\ARM_GCC_541\Debug\MDB_UART.o .\CortexM3\ARM_GCC_541\Debug\MDB_UART_PM.o .\CortexM3\ARM_GCC_541\Debug\MDB_UART_INT.o .\CortexM3\ARM_GCC_541\Debug\MDB_UART_BOOT.o .\CortexM3\ARM_GCC_541\Debug\MDB_isr_rxMDB.o .\CortexM3\ARM_GCC_541\Debug\RTC_RTC.o .\CortexM3\ARM_GCC_541\Debug\RTC_RTC_INT.o .\CortexM3\ARM_GCC_541\Debug\AUDIO_DFP.o .\CortexM3\ARM_GCC_541\Debug\AUDIO_busy.o .\CortexM3\ARM_GCC_541\Debug\SIM800L_SIM.o .\CortexM3\ARM_GCC_541\Debug\SIM800L_SIM_PM.o .\CortexM3\ARM_GCC_541\Debug\SIM800L_SIM_INT.o .\CortexM3\ARM_GCC_541\Debug\SIM800L_SIM_BOOT.o .\CortexM3\ARM_GCC_541\Debug\SIM800L_SIM_REG.o .\CortexM3\ARM_GCC_541\Debug\SIM800L_SIM_REG_PM.o .\CortexM3\ARM_GCC_541\Debug\CyDmac.o .\CortexM3\ARM_GCC_541\Debug\CyFlash.o .\CortexM3\ARM_GCC_541\Debug\CyLib.o .\CortexM3\ARM_GCC_541\Debug\cyPm.o .\CortexM3\ARM_GCC_541\Debug\CySpc.o .\CortexM3\ARM_GCC_541\Debug\cyutils.o .\CortexM3\ARM_GCC_541\Debug\cy_em_eeprom.o .\CortexM3\ARM_GCC_541\Debug\AUDIO_DFP_AsmGnu.o .\CortexM3\ARM_GCC_541\Debug\CyBootAsmGnu.o
arm-none-eabi-ar.exe: creating .\CortexM3\ARM_GCC_541\Debug\Principal.a
arm-none-eabi-gcc.exe -Wl,--start-group -o \\Mac\Home\Documents\Psoc_Creator\EkiaDoroti\Principal.cydsn\CortexM3\ARM_GCC_541\Debug\Principal.elf .\CortexM3\ARM_GCC_541\Debug\sistema_pago.o .\CortexM3\ARM_GCC_541\Debug\FS_ConfigIO.o .\CortexM3\ARM_GCC_541\Debug\FS_X_OS.o .\CortexM3\ARM_GCC_541\Debug\LED.o .\CortexM3\ARM_GCC_541\Debug\memEEPROM.o .\CortexM3\ARM_GCC_541\Debug\memoriaExt.o .\CortexM3\ARM_GCC_541\Debug\puertoUSB.o .\CortexM3\ARM_GCC_541\Debug\I2C.o .\CortexM3\ARM_GCC_541\Debug\Telemetria.o .\CortexM3\ARM_GCC_541\Debug\monitoreoSD.o .\CortexM3\ARM_GCC_541\Debug\dispensador.o .\CortexM3\ARM_GCC_541\Debug\lectorHuella.o .\CortexM3\ARM_GCC_541\Debug\port.o .\CortexM3\ARM_GCC_541\Debug\heap.o .\CortexM3\ARM_GCC_541\Debug\croutine.o .\CortexM3\ARM_GCC_541\Debug\event_groups.o .\CortexM3\ARM_GCC_541\Debug\list.o .\CortexM3\ARM_GCC_541\Debug\queue.o .\CortexM3\ARM_GCC_541\Debug\tasks.o .\CortexM3\ARM_GCC_541\Debug\timers.o .\CortexM3\ARM_GCC_541\Debug\stream_buffer.o .\CortexM3\ARM_GCC_541\Debug\colas.o .\CortexM3\ARM_GCC_541\Debug\interface.o .\CortexM3\ARM_GCC_541\Debug\general.o .\CortexM3\ARM_GCC_541\Debug\semaforos.o .\CortexM3\ARM_GCC_541\Debug\main.o .\CortexM3\ARM_GCC_541\Debug\cyfitter_cfg.o .\CortexM3\ARM_GCC_541\Debug\cybootloader.o .\CortexM3\ARM_GCC_541\Debug\cymetadata.o .\CortexM3\ARM_GCC_541\Debug\Cm3Start.o .\CortexM3\ARM_GCC_541\Debug\Principal.a "C:\Program Files (x86)\Cypress\PSoC Creator\4.4\PSoC Creator\psoc\content\cycomponentlibrary\CyComponentLibrary.cylib\CortexM3\ARM_GCC_541\Debug\CyComponentLibrary.a" -mcpu=cortex-m3 -mthumb -l emf32oslfn -l m -L Generated_Source\PSoC5 -L .\emFile_V322c\LinkLibrary\PSoC5\GCC -Wl,-Map,.\CortexM3\ARM_GCC_541\Debug/Principal.map -T Generated_Source\PSoC5\cm3gcc.ld -specs=nano.specs -u _printf_float -Wl,--gc-sections -g -ffunction-sections -Og -ffat-lto-objects -Wl,--end-group
cyelftool.exe -B \\Mac\Home\Documents\Psoc_Creator\EkiaDoroti\Principal.cydsn\CortexM3\ARM_GCC_541\Debug\Principal.elf --flash_row_size 256 --flash_size 262144 --flash_offset 0x00000000 --flash_array_size 65536 --ee_array 64 --ee_array_size 2048 --ee_row_size 16
No ELF section .cychecksum found, creating one
Application checksum calculated and stored in ELF section .cychecksum
Checksum calculated and stored in ELF section .cymeta
cyelftool.exe -S \\Mac\Home\Documents\Psoc_Creator\EkiaDoroti\Principal.cydsn\CortexM3\ARM_GCC_541\Debug\Principal.elf
Flash used: 191960 of 262144 bytes (73,2 %). Bootloader: 27648 bytes. Application: 164056 bytes. Metadata: 256 bytes.
SRAM used: 65345 of 65536 bytes (99,7 %). Stack: 4352 bytes. Heap: 4352 bytes.
--------------- Build Succeeded: 08/24/2023 23:45:58 ---------------
