--------------- Clean Started: 11/27/2019 11:49:10 Project: Principal, Configuration: ARM GCC 5.4-2016-q2-update Release ---------------
Deleting file ".\CortexM3\ARM_GCC_541\Release\sistema_pago.o"
Deleting file ".\CortexM3\ARM_GCC_541\Release\FS_ConfigIO.o"
Deleting file ".\CortexM3\ARM_GCC_541\Release\FS_X_OS.o"
Deleting file ".\CortexM3\ARM_GCC_541\Release\LED.o"
Deleting file ".\CortexM3\ARM_GCC_541\Release\memEEPROM.o"
Deleting file ".\CortexM3\ARM_GCC_541\Release\memoriaExt.o"
Deleting file ".\CortexM3\ARM_GCC_541\Release\puertoUSB.o"
Deleting file ".\CortexM3\ARM_GCC_541\Release\I2C.o"
Deleting file ".\CortexM3\ARM_GCC_541\Release\Telemetria.o"
Deleting file ".\CortexM3\ARM_GCC_541\Release\monitoreoSD.o"
Deleting file ".\CortexM3\ARM_GCC_541\Release\dispensador.o"
Deleting file ".\CortexM3\ARM_GCC_541\Release\port.o"
Deleting file ".\CortexM3\ARM_GCC_541\Release\heap.o"
Deleting file ".\CortexM3\ARM_GCC_541\Release\croutine.o"
Deleting file ".\CortexM3\ARM_GCC_541\Release\event_groups.o"
Deleting file ".\CortexM3\ARM_GCC_541\Release\list.o"
Deleting file ".\CortexM3\ARM_GCC_541\Release\queue.o"
Deleting file ".\CortexM3\ARM_GCC_541\Release\tasks.o"
Deleting file ".\CortexM3\ARM_GCC_541\Release\timers.o"
Deleting file ".\CortexM3\ARM_GCC_541\Release\stream_buffer.o"
Deleting file ".\CortexM3\ARM_GCC_541\Release\colas.o"
Deleting file ".\CortexM3\ARM_GCC_541\Release\interface.o"
Deleting file ".\CortexM3\ARM_GCC_541\Release\general.o"
Deleting file ".\CortexM3\ARM_GCC_541\Release\semaforos.o"
Deleting file ".\CortexM3\ARM_GCC_541\Release\main.o"
Deleting file ".\CortexM3\ARM_GCC_541\Release\cyfitter_cfg.o"
Deleting file ".\CortexM3\ARM_GCC_541\Release\cybootloader.o"
Deleting file ".\CortexM3\ARM_GCC_541\Release\cymetadata.o"
Deleting file ".\CortexM3\ARM_GCC_541\Release\CydwClock_1.o"
Deleting file ".\CortexM3\ARM_GCC_541\Release\LED_USB.o"
Deleting file ".\CortexM3\ARM_GCC_541\Release\SIM_ON_1.o"
Deleting file ".\CortexM3\ARM_GCC_541\Release\PWM_Led.o"
Deleting file ".\CortexM3\ARM_GCC_541\Release\PWM_Led_PM.o"
Deleting file ".\CortexM3\ARM_GCC_541\Release\LED_DEBUG.o"
Deleting file ".\CortexM3\ARM_GCC_541\Release\LED_ERROR.o"
Deleting file ".\CortexM3\ARM_GCC_541\Release\Wifi.o"
Deleting file ".\CortexM3\ARM_GCC_541\Release\Wifi_PM.o"
Deleting file ".\CortexM3\ARM_GCC_541\Release\Wifi_INT.o"
Deleting file ".\CortexM3\ARM_GCC_541\Release\Wifi_BOOT.o"
Deleting file ".\CortexM3\ARM_GCC_541\Release\Wifi_Reset.o"
Deleting file ".\CortexM3\ARM_GCC_541\Release\SIM_ON_2.o"
Deleting file ".\CortexM3\ARM_GCC_541\Release\Ventilador.o"
Deleting file ".\CortexM3\ARM_GCC_541\Release\BT_Config.o"
Deleting file ".\CortexM3\ARM_GCC_541\Release\NRF_ON.o"
Deleting file ".\CortexM3\ARM_GCC_541\Release\NFC_ON.o"
Deleting file ".\CortexM3\ARM_GCC_541\Release\ADC_Vending.o"
Deleting file ".\CortexM3\ARM_GCC_541\Release\ADC_Vending_INT.o"
Deleting file ".\CortexM3\ARM_GCC_541\Release\ADC_Vending_PM.o"
Deleting file ".\CortexM3\ARM_GCC_541\Release\VtagUSB.o"
Deleting file ".\CortexM3\ARM_GCC_541\Release\SIM_PinReset.o"
Deleting file ".\CortexM3\ARM_GCC_541\Release\BusPrincipal.o"
Deleting file ".\CortexM3\ARM_GCC_541\Release\BusPrincipal_BOOT.o"
Deleting file ".\CortexM3\ARM_GCC_541\Release\BusPrincipal_INT.o"
Deleting file ".\CortexM3\ARM_GCC_541\Release\BusPrincipal_PM.o"
Deleting file ".\CortexM3\ARM_GCC_541\Release\BusPrincipal_SLAVE.o"
Deleting file ".\CortexM3\ARM_GCC_541\Release\BusPrincipal_MASTER.o"
Deleting file ".\CortexM3\ARM_GCC_541\Release\Bus_SCL.o"
Deleting file ".\CortexM3\ARM_GCC_541\Release\Bus_SDA.o"
Deleting file ".\CortexM3\ARM_GCC_541\Release\BT_ON.o"
Deleting file ".\CortexM3\ARM_GCC_541\Release\EEPROM.o"
Deleting file ".\CortexM3\ARM_GCC_541\Release\LED_SD.o"
Deleting file ".\CortexM3\ARM_GCC_541\Release\memoriaSD_ConfigMMC_SPI.o"
Deleting file ".\CortexM3\ARM_GCC_541\Release\memoriaSD_MMC_HW_SPI.o"
Deleting file ".\CortexM3\ARM_GCC_541\Release\memoriaSD_PM.o"
Deleting file ".\CortexM3\ARM_GCC_541\Release\Clock_lento.o"
Deleting file ".\CortexM3\ARM_GCC_541\Release\RGB_Green.o"
Deleting file ".\CortexM3\ARM_GCC_541\Release\RGB_Red.o"
Deleting file ".\CortexM3\ARM_GCC_541\Release\RGB_Blue.o"
Deleting file ".\CortexM3\ARM_GCC_541\Release\SDIn.o"
Deleting file ".\CortexM3\ARM_GCC_541\Release\BluetoothUART.o"
Deleting file ".\CortexM3\ARM_GCC_541\Release\BluetoothUART_PM.o"
Deleting file ".\CortexM3\ARM_GCC_541\Release\BluetoothUART_INT.o"
Deleting file ".\CortexM3\ARM_GCC_541\Release\BluetoothUART_BOOT.o"
Deleting file ".\CortexM3\ARM_GCC_541\Release\HMI.o"
Deleting file ".\CortexM3\ARM_GCC_541\Release\Clock_variable.o"
Deleting file ".\CortexM3\ARM_GCC_541\Release\USBUART.o"
Deleting file ".\CortexM3\ARM_GCC_541\Release\USBUART_audio.o"
Deleting file ".\CortexM3\ARM_GCC_541\Release\USBUART_boot.o"
Deleting file ".\CortexM3\ARM_GCC_541\Release\USBUART_cdc.o"
Deleting file ".\CortexM3\ARM_GCC_541\Release\USBUART_cls.o"
Deleting file ".\CortexM3\ARM_GCC_541\Release\USBUART_descr.o"
Deleting file ".\CortexM3\ARM_GCC_541\Release\USBUART_drv.o"
Deleting file ".\CortexM3\ARM_GCC_541\Release\USBUART_episr.o"
Deleting file ".\CortexM3\ARM_GCC_541\Release\USBUART_hid.o"
Deleting file ".\CortexM3\ARM_GCC_541\Release\USBUART_pm.o"
Deleting file ".\CortexM3\ARM_GCC_541\Release\USBUART_std.o"
Deleting file ".\CortexM3\ARM_GCC_541\Release\USBUART_vnd.o"
Deleting file ".\CortexM3\ARM_GCC_541\Release\USBUART_midi.o"
Deleting file ".\CortexM3\ARM_GCC_541\Release\USBUART_msc.o"
Deleting file ".\CortexM3\ARM_GCC_541\Release\MDB_monedero.o"
Deleting file ".\CortexM3\ARM_GCC_541\Release\MDB_billetero.o"
Deleting file ".\CortexM3\ARM_GCC_541\Release\MDB.o"
Deleting file ".\CortexM3\ARM_GCC_541\Release\RTC_EKIA.o"
Deleting file ".\CortexM3\ARM_GCC_541\Release\Clock_2.o"
Deleting file ".\CortexM3\ARM_GCC_541\Release\AUDIO.o"
Deleting file ".\CortexM3\ARM_GCC_541\Release\BuzzerPWM.o"
Deleting file ".\CortexM3\ARM_GCC_541\Release\BuzzerPWM_PM.o"
Deleting file ".\CortexM3\ARM_GCC_541\Release\Clock_3.o"
Deleting file ".\CortexM3\ARM_GCC_541\Release\Bootloadable.o"
Deleting file ".\CortexM3\ARM_GCC_541\Release\SIM800L.o"
Deleting file ".\CortexM3\ARM_GCC_541\Release\SIM800L_MQTT.o"
Deleting file ".\CortexM3\ARM_GCC_541\Release\ADC_Vending_IRQ.o"
Deleting file ".\CortexM3\ARM_GCC_541\Release\memoriaSD_SPI0.o"
Deleting file ".\CortexM3\ARM_GCC_541\Release\memoriaSD_SPI0_PM.o"
Deleting file ".\CortexM3\ARM_GCC_541\Release\memoriaSD_SPI0_INT.o"
Deleting file ".\CortexM3\ARM_GCC_541\Release\memoriaSD_mosi0.o"
Deleting file ".\CortexM3\ARM_GCC_541\Release\memoriaSD_Clock_1.o"
Deleting file ".\CortexM3\ARM_GCC_541\Release\memoriaSD_miso0.o"
Deleting file ".\CortexM3\ARM_GCC_541\Release\memoriaSD_sclk0.o"
Deleting file ".\CortexM3\ARM_GCC_541\Release\memoriaSD_SPI0_CS.o"
Deleting file ".\CortexM3\ARM_GCC_541\Release\HMI_UART.o"
Deleting file ".\CortexM3\ARM_GCC_541\Release\HMI_UART_PM.o"
Deleting file ".\CortexM3\ARM_GCC_541\Release\HMI_UART_INT.o"
Deleting file ".\CortexM3\ARM_GCC_541\Release\HMI_UART_BOOT.o"
Deleting file ".\CortexM3\ARM_GCC_541\Release\USBUART_ep3_dma.o"
Deleting file ".\CortexM3\ARM_GCC_541\Release\USBUART_ep2_dma.o"
Deleting file ".\CortexM3\ARM_GCC_541\Release\USBUART_ep1_dma.o"
Deleting file ".\CortexM3\ARM_GCC_541\Release\USBUART_Dm.o"
Deleting file ".\CortexM3\ARM_GCC_541\Release\USBUART_Dp.o"
Deleting file ".\CortexM3\ARM_GCC_541\Release\MDB_UART.o"
Deleting file ".\CortexM3\ARM_GCC_541\Release\MDB_UART_PM.o"
Deleting file ".\CortexM3\ARM_GCC_541\Release\MDB_UART_INT.o"
Deleting file ".\CortexM3\ARM_GCC_541\Release\MDB_UART_BOOT.o"
Deleting file ".\CortexM3\ARM_GCC_541\Release\MDB_isr_rxMDB.o"
Deleting file ".\CortexM3\ARM_GCC_541\Release\RTC_RTC.o"
Deleting file ".\CortexM3\ARM_GCC_541\Release\RTC_RTC_INT.o"
Deleting file ".\CortexM3\ARM_GCC_541\Release\AUDIO_DFP.o"
Deleting file ".\CortexM3\ARM_GCC_541\Release\AUDIO_DFP_AsmGnu.o"
Deleting file ".\CortexM3\ARM_GCC_541\Release\AUDIO_busy.o"
Deleting file ".\CortexM3\ARM_GCC_541\Release\SIM800L_SIM.o"
Deleting file ".\CortexM3\ARM_GCC_541\Release\SIM800L_SIM_PM.o"
Deleting file ".\CortexM3\ARM_GCC_541\Release\SIM800L_SIM_INT.o"
Deleting file ".\CortexM3\ARM_GCC_541\Release\SIM800L_SIM_BOOT.o"
Deleting file ".\CortexM3\ARM_GCC_541\Release\SIM800L_SIM_REG.o"
Deleting file ".\CortexM3\ARM_GCC_541\Release\SIM800L_SIM_REG_PM.o"
Deleting file ".\CortexM3\ARM_GCC_541\Release\cy_em_eeprom.o"
Deleting file ".\CortexM3\ARM_GCC_541\Release\Cm3Start.o"
Deleting file ".\CortexM3\ARM_GCC_541\Release\CyBootAsmGnu.o"
Deleting file ".\CortexM3\ARM_GCC_541\Release\CyDmac.o"
Deleting file ".\CortexM3\ARM_GCC_541\Release\CyFlash.o"
Deleting file ".\CortexM3\ARM_GCC_541\Release\CyLib.o"
Deleting file ".\CortexM3\ARM_GCC_541\Release\cyPm.o"
Deleting file ".\CortexM3\ARM_GCC_541\Release\CySpc.o"
Deleting file ".\CortexM3\ARM_GCC_541\Release\cyutils.o"
Deleting file ".\CortexM3\ARM_GCC_541\Release\Principal.hex"
Deleting file ".\CortexM3\ARM_GCC_541\Release\Principal.elf"
Deleting file ".\CortexM3\ARM_GCC_541\Release\Principal.map"
Deleting file ".\CortexM3\ARM_GCC_541\Release\Principal.cyacd"
Deleting file ".\Principal.cycdx"
Deleting file ".\Principal.svd"
Deleting file ".\Principal.rpt"
Deleting file ".\Principal_timing.html"
Deleting file ".\CortexM3\ARM_GCC_541\Release\.deps\SOURCE_C__ARM_GCC_GENERIC.P"
Deleting file ".\CortexM3\ARM_GCC_541\Release\.deps\SOURCE_ASM__ARM_GCC_GENERIC.P"
--------------- Clean Succeeded: 11/27/2019 11:49:21 ---------------
