--------------- Build Started: 08/21/2023 23:56:20 Project: EKIA Bootloader P5LP, Configuration: ARM GCC 5.4-2016-q2-update Debug ---------------
cydsfit.exe -.appdatapath "C:\Users\diegomejia\AppData\Local\Cypress Semiconductor\PSoC Creator\4.4" -.fdsnotice -.fdswarpdepfile=warp_dependencies.txt -.fdselabdepfile=elab_dependencies.txt -.fdsbldfile=generated_files.txt -.fdsreffile=referenced_files.txt -p "\\Mac\Home\Documents\Psoc_Creator\EkiaDoroti\EKIA Bootloader P5LP.cydsn\EKIA Bootloader P5LP.cyprj" -d CY8C5287AXI-LP095 -s "\\Mac\Home\Documents\Psoc_Creator\EkiaDoroti\EKIA Bootloader P5LP.cydsn\Generated_Source\PSoC5" -- -yv2 -q10 -ygs -o2 -v3 -.fftcfgtype=LE
Elaborating Design...
HDL Generation...
Synthesis...
Tech Mapping...
Analog Placement...
Analog Routing...
Analog Code Generation...
Digital Placement...
Digital Routing...
Bitstream Generation...
Bitstream Verification...
Static timing analysis...
API Generation...
Dependency Generation...
Cleanup...
arm-none-eabi-gcc.exe -mcpu=cortex-m3 -mthumb -I.\emFile_V322c\Code\Include\PSoC5\emf32nOS -I.\emFile_V322c\Code\Include\PSoC5 -I. -IGenerated_Source\PSoC5 -Wa,-alh=.\CortexM3\ARM_GCC_541\Debug/main.lst -g -Wall -ffunction-sections -ffat-lto-objects -O0 -c main.c -o .\CortexM3\ARM_GCC_541\Debug\main.o
arm-none-eabi-gcc.exe -mcpu=cortex-m3 -mthumb -I.\emFile_V322c\Code\Include\PSoC5\emf32nOS -I.\emFile_V322c\Code\Include\PSoC5 -I. -IGenerated_Source\PSoC5 -Wa,-alh=.\CortexM3\ARM_GCC_541\Debug/sdBoot.lst -g -Wall -ffunction-sections -ffat-lto-objects -O0 -c sdBoot.c -o .\CortexM3\ARM_GCC_541\Debug\sdBoot.o
sdBoot.c: In function 'SD_Bootload':
sdBoot.c:126:10: warning: unused variable 'ruta' [-Wunused-variable]
     char ruta[30];
          ^
arm-none-eabi-gcc.exe -mcpu=cortex-m3 -mthumb -I.\emFile_V322c\Code\Include\PSoC5\emf32nOS -I.\emFile_V322c\Code\Include\PSoC5 -I. -IGenerated_Source\PSoC5 -Wa,-alh=.\CortexM3\ARM_GCC_541\Debug/cyfitter_cfg.lst -g -Wall -ffunction-sections -ffat-lto-objects -O0 -c Generated_Source\PSoC5\cyfitter_cfg.c -o .\CortexM3\ARM_GCC_541\Debug\cyfitter_cfg.o
arm-none-eabi-gcc.exe -mcpu=cortex-m3 -mthumb -I.\emFile_V322c\Code\Include\PSoC5\emf32nOS -I.\emFile_V322c\Code\Include\PSoC5 -I. -IGenerated_Source\PSoC5 -Wa,-alh=.\CortexM3\ARM_GCC_541\Debug/Bootloader.lst -g -Wall -ffunction-sections -ffat-lto-objects -O0 -c Generated_Source\PSoC5\Bootloader.c -o .\CortexM3\ARM_GCC_541\Debug\Bootloader.o
arm-none-eabi-gcc.exe -mcpu=cortex-m3 -mthumb -I.\emFile_V322c\Code\Include\PSoC5\emf32nOS -I.\emFile_V322c\Code\Include\PSoC5 -I. -IGenerated_Source\PSoC5 -Wa,-alh=.\CortexM3\ARM_GCC_541\Debug/USB_Bootloader.lst -g -Wall -ffunction-sections -ffat-lto-objects -O0 -c Generated_Source\PSoC5\USB_Bootloader.c -o .\CortexM3\ARM_GCC_541\Debug\USB_Bootloader.o
arm-none-eabi-gcc.exe -mcpu=cortex-m3 -mthumb -I.\emFile_V322c\Code\Include\PSoC5\emf32nOS -I.\emFile_V322c\Code\Include\PSoC5 -I. -IGenerated_Source\PSoC5 -Wa,-alh=.\CortexM3\ARM_GCC_541\Debug/USB_Bootloader_audio.lst -g -Wall -ffunction-sections -ffat-lto-objects -O0 -c Generated_Source\PSoC5\USB_Bootloader_audio.c -o .\CortexM3\ARM_GCC_541\Debug\USB_Bootloader_audio.o
arm-none-eabi-gcc.exe -mcpu=cortex-m3 -mthumb -I.\emFile_V322c\Code\Include\PSoC5\emf32nOS -I.\emFile_V322c\Code\Include\PSoC5 -I. -IGenerated_Source\PSoC5 -Wa,-alh=.\CortexM3\ARM_GCC_541\Debug/USB_Bootloader_boot.lst -g -Wall -ffunction-sections -ffat-lto-objects -O0 -c Generated_Source\PSoC5\USB_Bootloader_boot.c -o .\CortexM3\ARM_GCC_541\Debug\USB_Bootloader_boot.o
arm-none-eabi-gcc.exe -mcpu=cortex-m3 -mthumb -I.\emFile_V322c\Code\Include\PSoC5\emf32nOS -I.\emFile_V322c\Code\Include\PSoC5 -I. -IGenerated_Source\PSoC5 -Wa,-alh=.\CortexM3\ARM_GCC_541\Debug/USB_Bootloader_cdc.lst -g -Wall -ffunction-sections -ffat-lto-objects -O0 -c Generated_Source\PSoC5\USB_Bootloader_cdc.c -o .\CortexM3\ARM_GCC_541\Debug\USB_Bootloader_cdc.o
arm-none-eabi-gcc.exe -mcpu=cortex-m3 -mthumb -I.\emFile_V322c\Code\Include\PSoC5\emf32nOS -I.\emFile_V322c\Code\Include\PSoC5 -I. -IGenerated_Source\PSoC5 -Wa,-alh=.\CortexM3\ARM_GCC_541\Debug/USB_Bootloader_cls.lst -g -Wall -ffunction-sections -ffat-lto-objects -O0 -c Generated_Source\PSoC5\USB_Bootloader_cls.c -o .\CortexM3\ARM_GCC_541\Debug\USB_Bootloader_cls.o
arm-none-eabi-gcc.exe -mcpu=cortex-m3 -mthumb -I.\emFile_V322c\Code\Include\PSoC5\emf32nOS -I.\emFile_V322c\Code\Include\PSoC5 -I. -IGenerated_Source\PSoC5 -Wa,-alh=.\CortexM3\ARM_GCC_541\Debug/USB_Bootloader_descr.lst -g -Wall -ffunction-sections -ffat-lto-objects -O0 -c Generated_Source\PSoC5\USB_Bootloader_descr.c -o .\CortexM3\ARM_GCC_541\Debug\USB_Bootloader_descr.o
arm-none-eabi-gcc.exe -mcpu=cortex-m3 -mthumb -I.\emFile_V322c\Code\Include\PSoC5\emf32nOS -I.\emFile_V322c\Code\Include\PSoC5 -I. -IGenerated_Source\PSoC5 -Wa,-alh=.\CortexM3\ARM_GCC_541\Debug/USB_Bootloader_drv.lst -g -Wall -ffunction-sections -ffat-lto-objects -O0 -c Generated_Source\PSoC5\USB_Bootloader_drv.c -o .\CortexM3\ARM_GCC_541\Debug\USB_Bootloader_drv.o
arm-none-eabi-gcc.exe -mcpu=cortex-m3 -mthumb -I.\emFile_V322c\Code\Include\PSoC5\emf32nOS -I.\emFile_V322c\Code\Include\PSoC5 -I. -IGenerated_Source\PSoC5 -Wa,-alh=.\CortexM3\ARM_GCC_541\Debug/USB_Bootloader_episr.lst -g -Wall -ffunction-sections -ffat-lto-objects -O0 -c Generated_Source\PSoC5\USB_Bootloader_episr.c -o .\CortexM3\ARM_GCC_541\Debug\USB_Bootloader_episr.o
arm-none-eabi-gcc.exe -mcpu=cortex-m3 -mthumb -I.\emFile_V322c\Code\Include\PSoC5\emf32nOS -I.\emFile_V322c\Code\Include\PSoC5 -I. -IGenerated_Source\PSoC5 -Wa,-alh=.\CortexM3\ARM_GCC_541\Debug/USB_Bootloader_hid.lst -g -Wall -ffunction-sections -ffat-lto-objects -O0 -c Generated_Source\PSoC5\USB_Bootloader_hid.c -o .\CortexM3\ARM_GCC_541\Debug\USB_Bootloader_hid.o
arm-none-eabi-gcc.exe -mcpu=cortex-m3 -mthumb -I.\emFile_V322c\Code\Include\PSoC5\emf32nOS -I.\emFile_V322c\Code\Include\PSoC5 -I. -IGenerated_Source\PSoC5 -Wa,-alh=.\CortexM3\ARM_GCC_541\Debug/USB_Bootloader_pm.lst -g -Wall -ffunction-sections -ffat-lto-objects -O0 -c Generated_Source\PSoC5\USB_Bootloader_pm.c -o .\CortexM3\ARM_GCC_541\Debug\USB_Bootloader_pm.o
arm-none-eabi-gcc.exe -mcpu=cortex-m3 -mthumb -I.\emFile_V322c\Code\Include\PSoC5\emf32nOS -I.\emFile_V322c\Code\Include\PSoC5 -I. -IGenerated_Source\PSoC5 -Wa,-alh=.\CortexM3\ARM_GCC_541\Debug/USB_Bootloader_std.lst -g -Wall -ffunction-sections -ffat-lto-objects -O0 -c Generated_Source\PSoC5\USB_Bootloader_std.c -o .\CortexM3\ARM_GCC_541\Debug\USB_Bootloader_std.o
arm-none-eabi-gcc.exe -mcpu=cortex-m3 -mthumb -I.\emFile_V322c\Code\Include\PSoC5\emf32nOS -I.\emFile_V322c\Code\Include\PSoC5 -I. -IGenerated_Source\PSoC5 -Wa,-alh=.\CortexM3\ARM_GCC_541\Debug/USB_Bootloader_vnd.lst -g -Wall -ffunction-sections -ffat-lto-objects -O0 -c Generated_Source\PSoC5\USB_Bootloader_vnd.c -o .\CortexM3\ARM_GCC_541\Debug\USB_Bootloader_vnd.o
arm-none-eabi-gcc.exe -mcpu=cortex-m3 -mthumb -I.\emFile_V322c\Code\Include\PSoC5\emf32nOS -I.\emFile_V322c\Code\Include\PSoC5 -I. -IGenerated_Source\PSoC5 -Wa,-alh=.\CortexM3\ARM_GCC_541\Debug/USB_Bootloader_midi.lst -g -Wall -ffunction-sections -ffat-lto-objects -O0 -c Generated_Source\PSoC5\USB_Bootloader_midi.c -o .\CortexM3\ARM_GCC_541\Debug\USB_Bootloader_midi.o
arm-none-eabi-gcc.exe -mcpu=cortex-m3 -mthumb -I.\emFile_V322c\Code\Include\PSoC5\emf32nOS -I.\emFile_V322c\Code\Include\PSoC5 -I. -IGenerated_Source\PSoC5 -Wa,-alh=.\CortexM3\ARM_GCC_541\Debug/USB_Bootloader_msc.lst -g -Wall -ffunction-sections -ffat-lto-objects -O0 -c Generated_Source\PSoC5\USB_Bootloader_msc.c -o .\CortexM3\ARM_GCC_541\Debug\USB_Bootloader_msc.o
arm-none-eabi-gcc.exe -mcpu=cortex-m3 -mthumb -I.\emFile_V322c\Code\Include\PSoC5\emf32nOS -I.\emFile_V322c\Code\Include\PSoC5 -I. -IGenerated_Source\PSoC5 -Wa,-alh=.\CortexM3\ARM_GCC_541\Debug/LED_ext.lst -g -Wall -ffunction-sections -ffat-lto-objects -O0 -c Generated_Source\PSoC5\LED_ext.c -o .\CortexM3\ARM_GCC_541\Debug\LED_ext.o
arm-none-eabi-gcc.exe -mcpu=cortex-m3 -mthumb -I.\emFile_V322c\Code\Include\PSoC5\emf32nOS -I.\emFile_V322c\Code\Include\PSoC5 -I. -IGenerated_Source\PSoC5 -Wa,-alh=.\CortexM3\ARM_GCC_541\Debug/EEPROM.lst -g -Wall -ffunction-sections -ffat-lto-objects -O0 -c Generated_Source\PSoC5\EEPROM.c -o .\CortexM3\ARM_GCC_541\Debug\EEPROM.o
arm-none-eabi-gcc.exe -mcpu=cortex-m3 -mthumb -I.\emFile_V322c\Code\Include\PSoC5\emf32nOS -I.\emFile_V322c\Code\Include\PSoC5 -I. -IGenerated_Source\PSoC5 -Wa,-alh=.\CortexM3\ARM_GCC_541\Debug/LED_USB.lst -g -Wall -ffunction-sections -ffat-lto-objects -O0 -c Generated_Source\PSoC5\LED_USB.c -o .\CortexM3\ARM_GCC_541\Debug\LED_USB.o
arm-none-eabi-gcc.exe -mcpu=cortex-m3 -mthumb -I.\emFile_V322c\Code\Include\PSoC5\emf32nOS -I.\emFile_V322c\Code\Include\PSoC5 -I. -IGenerated_Source\PSoC5 -Wa,-alh=.\CortexM3\ARM_GCC_541\Debug/LED_DEBUG.lst -g -Wall -ffunction-sections -ffat-lto-objects -O0 -c Generated_Source\PSoC5\LED_DEBUG.c -o .\CortexM3\ARM_GCC_541\Debug\LED_DEBUG.o
arm-none-eabi-gcc.exe -mcpu=cortex-m3 -mthumb -I.\emFile_V322c\Code\Include\PSoC5\emf32nOS -I.\emFile_V322c\Code\Include\PSoC5 -I. -IGenerated_Source\PSoC5 -Wa,-alh=.\CortexM3\ARM_GCC_541\Debug/LED_ERROR.lst -g -Wall -ffunction-sections -ffat-lto-objects -O0 -c Generated_Source\PSoC5\LED_ERROR.c -o .\CortexM3\ARM_GCC_541\Debug\LED_ERROR.o
arm-none-eabi-gcc.exe -mcpu=cortex-m3 -mthumb -I.\emFile_V322c\Code\Include\PSoC5\emf32nOS -I.\emFile_V322c\Code\Include\PSoC5 -I. -IGenerated_Source\PSoC5 -Wa,-alh=.\CortexM3\ARM_GCC_541\Debug/LED_SD.lst -g -Wall -ffunction-sections -ffat-lto-objects -O0 -c Generated_Source\PSoC5\LED_SD.c -o .\CortexM3\ARM_GCC_541\Debug\LED_SD.o
arm-none-eabi-gcc.exe -mcpu=cortex-m3 -mthumb -I.\emFile_V322c\Code\Include\PSoC5\emf32nOS -I.\emFile_V322c\Code\Include\PSoC5 -I. -IGenerated_Source\PSoC5 -Wa,-alh=.\CortexM3\ARM_GCC_541\Debug/Clock_lento.lst -g -Wall -ffunction-sections -ffat-lto-objects -O0 -c Generated_Source\PSoC5\Clock_lento.c -o .\CortexM3\ARM_GCC_541\Debug\Clock_lento.o
arm-none-eabi-gcc.exe -mcpu=cortex-m3 -mthumb -I.\emFile_V322c\Code\Include\PSoC5\emf32nOS -I.\emFile_V322c\Code\Include\PSoC5 -I. -IGenerated_Source\PSoC5 -Wa,-alh=.\CortexM3\ARM_GCC_541\Debug/SDIn.lst -g -Wall -ffunction-sections -ffat-lto-objects -O0 -c Generated_Source\PSoC5\SDIn.c -o .\CortexM3\ARM_GCC_541\Debug\SDIn.o
arm-none-eabi-gcc.exe -mcpu=cortex-m3 -mthumb -I.\emFile_V322c\Code\Include\PSoC5\emf32nOS -I.\emFile_V322c\Code\Include\PSoC5 -I. -IGenerated_Source\PSoC5 -Wa,-alh=.\CortexM3\ARM_GCC_541\Debug/memoriaSD_ConfigMMC_SPI.lst -g -Wall -ffunction-sections -ffat-lto-objects -O0 -c Generated_Source\PSoC5\memoriaSD_ConfigMMC_SPI.c -o .\CortexM3\ARM_GCC_541\Debug\memoriaSD_ConfigMMC_SPI.o
arm-none-eabi-gcc.exe -mcpu=cortex-m3 -mthumb -I.\emFile_V322c\Code\Include\PSoC5\emf32nOS -I.\emFile_V322c\Code\Include\PSoC5 -I. -IGenerated_Source\PSoC5 -Wa,-alh=.\CortexM3\ARM_GCC_541\Debug/memoriaSD_MMC_HW_SPI.lst -g -Wall -ffunction-sections -ffat-lto-objects -O0 -c Generated_Source\PSoC5\memoriaSD_MMC_HW_SPI.c -o .\CortexM3\ARM_GCC_541\Debug\memoriaSD_MMC_HW_SPI.o
arm-none-eabi-gcc.exe -mcpu=cortex-m3 -mthumb -I.\emFile_V322c\Code\Include\PSoC5\emf32nOS -I.\emFile_V322c\Code\Include\PSoC5 -I. -IGenerated_Source\PSoC5 -Wa,-alh=.\CortexM3\ARM_GCC_541\Debug/memoriaSD_PM.lst -g -Wall -ffunction-sections -ffat-lto-objects -O0 -c Generated_Source\PSoC5\memoriaSD_PM.c -o .\CortexM3\ARM_GCC_541\Debug\memoriaSD_PM.o
arm-none-eabi-gcc.exe -mcpu=cortex-m3 -mthumb -I.\emFile_V322c\Code\Include\PSoC5\emf32nOS -I.\emFile_V322c\Code\Include\PSoC5 -I. -IGenerated_Source\PSoC5 -Wa,-alh=.\CortexM3\ARM_GCC_541\Debug/USB_Bootloader_Dm.lst -g -Wall -ffunction-sections -ffat-lto-objects -O0 -c Generated_Source\PSoC5\USB_Bootloader_Dm.c -o .\CortexM3\ARM_GCC_541\Debug\USB_Bootloader_Dm.o
arm-none-eabi-gcc.exe -mcpu=cortex-m3 -mthumb -I.\emFile_V322c\Code\Include\PSoC5\emf32nOS -I.\emFile_V322c\Code\Include\PSoC5 -I. -IGenerated_Source\PSoC5 -Wa,-alh=.\CortexM3\ARM_GCC_541\Debug/USB_Bootloader_Dp.lst -g -Wall -ffunction-sections -ffat-lto-objects -O0 -c Generated_Source\PSoC5\USB_Bootloader_Dp.c -o .\CortexM3\ARM_GCC_541\Debug\USB_Bootloader_Dp.o
arm-none-eabi-gcc.exe -mcpu=cortex-m3 -mthumb -I.\emFile_V322c\Code\Include\PSoC5\emf32nOS -I.\emFile_V322c\Code\Include\PSoC5 -I. -IGenerated_Source\PSoC5 -Wa,-alh=.\CortexM3\ARM_GCC_541\Debug/memoriaSD_SPI0.lst -g -Wall -ffunction-sections -ffat-lto-objects -O0 -c Generated_Source\PSoC5\memoriaSD_SPI0.c -o .\CortexM3\ARM_GCC_541\Debug\memoriaSD_SPI0.o
arm-none-eabi-gcc.exe -mcpu=cortex-m3 -mthumb -I.\emFile_V322c\Code\Include\PSoC5\emf32nOS -I.\emFile_V322c\Code\Include\PSoC5 -I. -IGenerated_Source\PSoC5 -Wa,-alh=.\CortexM3\ARM_GCC_541\Debug/memoriaSD_SPI0_PM.lst -g -Wall -ffunction-sections -ffat-lto-objects -O0 -c Generated_Source\PSoC5\memoriaSD_SPI0_PM.c -o .\CortexM3\ARM_GCC_541\Debug\memoriaSD_SPI0_PM.o
arm-none-eabi-gcc.exe -mcpu=cortex-m3 -mthumb -I.\emFile_V322c\Code\Include\PSoC5\emf32nOS -I.\emFile_V322c\Code\Include\PSoC5 -I. -IGenerated_Source\PSoC5 -Wa,-alh=.\CortexM3\ARM_GCC_541\Debug/memoriaSD_SPI0_INT.lst -g -Wall -ffunction-sections -ffat-lto-objects -O0 -c Generated_Source\PSoC5\memoriaSD_SPI0_INT.c -o .\CortexM3\ARM_GCC_541\Debug\memoriaSD_SPI0_INT.o
arm-none-eabi-gcc.exe -mcpu=cortex-m3 -mthumb -I.\emFile_V322c\Code\Include\PSoC5\emf32nOS -I.\emFile_V322c\Code\Include\PSoC5 -I. -IGenerated_Source\PSoC5 -Wa,-alh=.\CortexM3\ARM_GCC_541\Debug/memoriaSD_mosi0.lst -g -Wall -ffunction-sections -ffat-lto-objects -O0 -c Generated_Source\PSoC5\memoriaSD_mosi0.c -o .\CortexM3\ARM_GCC_541\Debug\memoriaSD_mosi0.o
arm-none-eabi-gcc.exe -mcpu=cortex-m3 -mthumb -I.\emFile_V322c\Code\Include\PSoC5\emf32nOS -I.\emFile_V322c\Code\Include\PSoC5 -I. -IGenerated_Source\PSoC5 -Wa,-alh=.\CortexM3\ARM_GCC_541\Debug/memoriaSD_Clock_1.lst -g -Wall -ffunction-sections -ffat-lto-objects -O0 -c Generated_Source\PSoC5\memoriaSD_Clock_1.c -o .\CortexM3\ARM_GCC_541\Debug\memoriaSD_Clock_1.o
arm-none-eabi-gcc.exe -mcpu=cortex-m3 -mthumb -I.\emFile_V322c\Code\Include\PSoC5\emf32nOS -I.\emFile_V322c\Code\Include\PSoC5 -I. -IGenerated_Source\PSoC5 -Wa,-alh=.\CortexM3\ARM_GCC_541\Debug/memoriaSD_miso0.lst -g -Wall -ffunction-sections -ffat-lto-objects -O0 -c Generated_Source\PSoC5\memoriaSD_miso0.c -o .\CortexM3\ARM_GCC_541\Debug\memoriaSD_miso0.o
arm-none-eabi-gcc.exe -mcpu=cortex-m3 -mthumb -I.\emFile_V322c\Code\Include\PSoC5\emf32nOS -I.\emFile_V322c\Code\Include\PSoC5 -I. -IGenerated_Source\PSoC5 -Wa,-alh=.\CortexM3\ARM_GCC_541\Debug/memoriaSD_sclk0.lst -g -Wall -ffunction-sections -ffat-lto-objects -O0 -c Generated_Source\PSoC5\memoriaSD_sclk0.c -o .\CortexM3\ARM_GCC_541\Debug\memoriaSD_sclk0.o
arm-none-eabi-gcc.exe -mcpu=cortex-m3 -mthumb -I.\emFile_V322c\Code\Include\PSoC5\emf32nOS -I.\emFile_V322c\Code\Include\PSoC5 -I. -IGenerated_Source\PSoC5 -Wa,-alh=.\CortexM3\ARM_GCC_541\Debug/memoriaSD_SPI0_CS.lst -g -Wall -ffunction-sections -ffat-lto-objects -O0 -c Generated_Source\PSoC5\memoriaSD_SPI0_CS.c -o .\CortexM3\ARM_GCC_541\Debug\memoriaSD_SPI0_CS.o
arm-none-eabi-gcc.exe -mcpu=cortex-m3 -mthumb -I.\emFile_V322c\Code\Include\PSoC5\emf32nOS -I.\emFile_V322c\Code\Include\PSoC5 -I. -IGenerated_Source\PSoC5 -Wa,-alh=.\CortexM3\ARM_GCC_541\Debug/Cm3Start.lst -g -Wall -ffunction-sections -ffat-lto-objects -O0 -c Generated_Source\PSoC5\Cm3Start.c -o .\CortexM3\ARM_GCC_541\Debug\Cm3Start.o
arm-none-eabi-gcc.exe -mcpu=cortex-m3 -mthumb -I.\emFile_V322c\Code\Include\PSoC5\emf32nOS -I.\emFile_V322c\Code\Include\PSoC5 -I. -IGenerated_Source\PSoC5 -Wa,-alh=.\CortexM3\ARM_GCC_541\Debug/CyDmac.lst -g -Wall -ffunction-sections -ffat-lto-objects -O0 -c Generated_Source\PSoC5\CyDmac.c -o .\CortexM3\ARM_GCC_541\Debug\CyDmac.o
arm-none-eabi-gcc.exe -mcpu=cortex-m3 -mthumb -I.\emFile_V322c\Code\Include\PSoC5\emf32nOS -I.\emFile_V322c\Code\Include\PSoC5 -I. -IGenerated_Source\PSoC5 -Wa,-alh=.\CortexM3\ARM_GCC_541\Debug/CyFlash.lst -g -Wall -ffunction-sections -ffat-lto-objects -O0 -c Generated_Source\PSoC5\CyFlash.c -o .\CortexM3\ARM_GCC_541\Debug\CyFlash.o
arm-none-eabi-gcc.exe -mcpu=cortex-m3 -mthumb -I.\emFile_V322c\Code\Include\PSoC5\emf32nOS -I.\emFile_V322c\Code\Include\PSoC5 -I. -IGenerated_Source\PSoC5 -Wa,-alh=.\CortexM3\ARM_GCC_541\Debug/CyLib.lst -g -Wall -ffunction-sections -ffat-lto-objects -O0 -c Generated_Source\PSoC5\CyLib.c -o .\CortexM3\ARM_GCC_541\Debug\CyLib.o
arm-none-eabi-gcc.exe -mcpu=cortex-m3 -mthumb -I.\emFile_V322c\Code\Include\PSoC5\emf32nOS -I.\emFile_V322c\Code\Include\PSoC5 -I. -IGenerated_Source\PSoC5 -Wa,-alh=.\CortexM3\ARM_GCC_541\Debug/cyPm.lst -g -Wall -ffunction-sections -ffat-lto-objects -O0 -c Generated_Source\PSoC5\cyPm.c -o .\CortexM3\ARM_GCC_541\Debug\cyPm.o
arm-none-eabi-gcc.exe -mcpu=cortex-m3 -mthumb -I.\emFile_V322c\Code\Include\PSoC5\emf32nOS -I.\emFile_V322c\Code\Include\PSoC5 -I. -IGenerated_Source\PSoC5 -Wa,-alh=.\CortexM3\ARM_GCC_541\Debug/CySpc.lst -g -Wall -ffunction-sections -ffat-lto-objects -O0 -c Generated_Source\PSoC5\CySpc.c -o .\CortexM3\ARM_GCC_541\Debug\CySpc.o
arm-none-eabi-gcc.exe -mcpu=cortex-m3 -mthumb -I.\emFile_V322c\Code\Include\PSoC5\emf32nOS -I.\emFile_V322c\Code\Include\PSoC5 -I. -IGenerated_Source\PSoC5 -Wa,-alh=.\CortexM3\ARM_GCC_541\Debug/cyutils.lst -g -Wall -ffunction-sections -ffat-lto-objects -O0 -c Generated_Source\PSoC5\cyutils.c -o .\CortexM3\ARM_GCC_541\Debug\cyutils.o
arm-none-eabi-gcc.exe -mcpu=cortex-m3 -mthumb -I.\emFile_V322c\Code\Include\PSoC5\emf32nOS -I.\emFile_V322c\Code\Include\PSoC5 -I. -IGenerated_Source\PSoC5 -Wa,-alh=.\CortexM3\ARM_GCC_541\Debug/cy_em_eeprom.lst -g -Wall -ffunction-sections -ffat-lto-objects -O0 -c Generated_Source\PSoC5\cy_em_eeprom.c -o .\CortexM3\ARM_GCC_541\Debug\cy_em_eeprom.o
arm-none-eabi-as.exe -mcpu=cortex-m3 -mthumb -I. -IGenerated_Source\PSoC5 -alh=.\CortexM3\ARM_GCC_541\Debug/CyBootAsmGnu.lst -g -o .\CortexM3\ARM_GCC_541\Debug\CyBootAsmGnu.o Generated_Source\PSoC5\CyBootAsmGnu.s
arm-none-eabi-ar.exe -rs ".\CortexM3\ARM_GCC_541\Debug\EKIA Bootloader P5LP.a" .\CortexM3\ARM_GCC_541\Debug\Bootloader.o .\CortexM3\ARM_GCC_541\Debug\USB_Bootloader.o .\CortexM3\ARM_GCC_541\Debug\USB_Bootloader_audio.o .\CortexM3\ARM_GCC_541\Debug\USB_Bootloader_boot.o .\CortexM3\ARM_GCC_541\Debug\USB_Bootloader_cdc.o .\CortexM3\ARM_GCC_541\Debug\USB_Bootloader_cls.o .\CortexM3\ARM_GCC_541\Debug\USB_Bootloader_descr.o .\CortexM3\ARM_GCC_541\Debug\USB_Bootloader_drv.o .\CortexM3\ARM_GCC_541\Debug\USB_Bootloader_episr.o .\CortexM3\ARM_GCC_541\Debug\USB_Bootloader_hid.o .\CortexM3\ARM_GCC_541\Debug\USB_Bootloader_pm.o .\CortexM3\ARM_GCC_541\Debug\USB_Bootloader_std.o .\CortexM3\ARM_GCC_541\Debug\USB_Bootloader_vnd.o .\CortexM3\ARM_GCC_541\Debug\USB_Bootloader_midi.o .\CortexM3\ARM_GCC_541\Debug\USB_Bootloader_msc.o .\CortexM3\ARM_GCC_541\Debug\LED_ext.o .\CortexM3\ARM_GCC_541\Debug\EEPROM.o .\CortexM3\ARM_GCC_541\Debug\LED_USB.o .\CortexM3\ARM_GCC_541\Debug\LED_DEBUG.o .\CortexM3\ARM_GCC_541\Debug\LED_ERROR.o .\CortexM3\ARM_GCC_541\Debug\LED_SD.o .\CortexM3\ARM_GCC_541\Debug\Clock_lento.o .\CortexM3\ARM_GCC_541\Debug\SDIn.o .\CortexM3\ARM_GCC_541\Debug\memoriaSD_ConfigMMC_SPI.o .\CortexM3\ARM_GCC_541\Debug\memoriaSD_MMC_HW_SPI.o .\CortexM3\ARM_GCC_541\Debug\memoriaSD_PM.o .\CortexM3\ARM_GCC_541\Debug\USB_Bootloader_Dm.o .\CortexM3\ARM_GCC_541\Debug\USB_Bootloader_Dp.o .\CortexM3\ARM_GCC_541\Debug\memoriaSD_SPI0.o .\CortexM3\ARM_GCC_541\Debug\memoriaSD_SPI0_PM.o .\CortexM3\ARM_GCC_541\Debug\memoriaSD_SPI0_INT.o .\CortexM3\ARM_GCC_541\Debug\memoriaSD_mosi0.o .\CortexM3\ARM_GCC_541\Debug\memoriaSD_Clock_1.o .\CortexM3\ARM_GCC_541\Debug\memoriaSD_miso0.o .\CortexM3\ARM_GCC_541\Debug\memoriaSD_sclk0.o .\CortexM3\ARM_GCC_541\Debug\memoriaSD_SPI0_CS.o .\CortexM3\ARM_GCC_541\Debug\CyDmac.o .\CortexM3\ARM_GCC_541\Debug\CyFlash.o .\CortexM3\ARM_GCC_541\Debug\CyLib.o .\CortexM3\ARM_GCC_541\Debug\cyPm.o .\CortexM3\ARM_GCC_541\Debug\CySpc.o .\CortexM3\ARM_GCC_541\Debug\cyutils.o .\CortexM3\ARM_GCC_541\Debug\cy_em_eeprom.o .\CortexM3\ARM_GCC_541\Debug\CyBootAsmGnu.o
arm-none-eabi-ar.exe: creating .\CortexM3\ARM_GCC_541\Debug\EKIA Bootloader P5LP.a
arm-none-eabi-gcc.exe -Wl,--start-group -o "\\Mac\Home\Documents\Psoc_Creator\EkiaDoroti\EKIA Bootloader P5LP.cydsn\CortexM3\ARM_GCC_541\Debug\EKIA Bootloader P5LP.elf" .\CortexM3\ARM_GCC_541\Debug\FS_ConfigIO.o .\CortexM3\ARM_GCC_541\Debug\FS_X_OS.o .\CortexM3\ARM_GCC_541\Debug\main.o .\CortexM3\ARM_GCC_541\Debug\sdBoot.o .\CortexM3\ARM_GCC_541\Debug\cyfitter_cfg.o .\CortexM3\ARM_GCC_541\Debug\cymetadata.o .\CortexM3\ARM_GCC_541\Debug\Cm3Start.o ".\CortexM3\ARM_GCC_541\Debug\EKIA Bootloader P5LP.a" "C:\Program Files (x86)\Cypress\PSoC Creator\4.4\PSoC Creator\psoc\content\cycomponentlibrary\CyComponentLibrary.cylib\CortexM3\ARM_GCC_541\Debug\CyComponentLibrary.a" -mcpu=cortex-m3 -mthumb -l emf32noslfn -L Generated_Source\PSoC5 -L .\emFile_V322c\LinkLibrary\PSoC5\GCC "-Wl,-Map,.\CortexM3\ARM_GCC_541\Debug/EKIA Bootloader P5LP.map" -T Generated_Source\PSoC5\cm3gcc.ld -specs=nano.specs -Wl,--gc-sections -g -ffunction-sections -O0 -ffat-lto-objects -Wl,--end-group
cyelftool.exe -P "\\Mac\Home\Documents\Psoc_Creator\EkiaDoroti\EKIA Bootloader P5LP.cydsn\CortexM3\ARM_GCC_541\Debug\EKIA Bootloader P5LP.elf" --flash_row_size 256 --flash_size 262144 --flash_offset 0x00000000 --size_var_name Bootloader_SizeBytes --checksum_var_name Bootloader_Checksum
No ELF section .cychecksum found, creating one
Application checksum calculated and stored in ELF section .cychecksum
Checksum calculated and stored in ELF section .cymeta
cyelftool.exe -S "\\Mac\Home\Documents\Psoc_Creator\EkiaDoroti\EKIA Bootloader P5LP.cydsn\CortexM3\ARM_GCC_541\Debug\EKIA Bootloader P5LP.elf"
Flash used: 37328 of 262144 bytes (14,2 %). Application: 37072 bytes. Metadata: 256 bytes.
SRAM used: 6261 of 65536 bytes (9,6 %). Stack: 512 bytes. Heap: 512 bytes.
--------------- Build Succeeded: 08/21/2023 23:57:42 ---------------
